{"/usr/src/app/src/server.ts": {"path":"/usr/src/app/src/server.ts","statementMap":{"0":{"start":{"line":1,"column":0},"end":{"line":1,"column":30}},"1":{"start":{"line":2,"column":0},"end":{"line":2,"column":48}},"2":{"start":{"line":3,"column":0},"end":{"line":3,"column":37}},"3":{"start":{"line":5,"column":12},"end":{"line":5,"column":21}},"4":{"start":{"line":6,"column":13},"end":{"line":6,"column":17}},"5":{"start":{"line":8,"column":0},"end":{"line":8,"column":18}},"6":{"start":{"line":10,"column":0},"end":{"line":10,"column":24}},"7":{"start":{"line":13,"column":15},"end":{"line":15,"column":2}},"8":{"start":{"line":14,"column":2},"end":{"line":14,"column":59}}},"fnMap":{"0":{"name":"(anonymous_1)","decl":{"start":{"line":13,"column":43},"end":{"line":13,"column":46}},"loc":{"start":{"line":13,"column":48},"end":{"line":15,"column":1}}}},"branchMap":{},"s":{"0":0,"1":0,"2":0,"3":0,"4":0,"5":0,"6":0,"7":0,"8":0},"f":{"0":0},"b":{}}
,"/usr/src/app/src/config/db.ts": {"path":"/usr/src/app/src/config/db.ts","statementMap":{"0":{"start":{"line":1,"column":0},"end":{"line":1,"column":49}},"1":{"start":{"line":2,"column":0},"end":{"line":2,"column":28}},"2":{"start":{"line":3,"column":0},"end":{"line":3,"column":49}},"3":{"start":{"line":5,"column":0},"end":{"line":5,"column":16}},"4":{"start":{"line":8,"column":13},"end":{"line":23,"column":3}},"5":{"start":{"line":26,"column":0},"end":{"line":29,"column":65}},"6":{"start":{"line":28,"column":14},"end":{"line":28,"column":45}},"7":{"start":{"line":29,"column":18},"end":{"line":29,"column":63}}},"fnMap":{"0":{"name":"(anonymous_1)","decl":{"start":{"line":28,"column":8},"end":{"line":28,"column":11}},"loc":{"start":{"line":28,"column":14},"end":{"line":28,"column":45}}},"1":{"name":"(anonymous_2)","decl":{"start":{"line":29,"column":9},"end":{"line":29,"column":10}},"loc":{"start":{"line":29,"column":18},"end":{"line":29,"column":63}}}},"branchMap":{},"s":{"0":0,"1":0,"2":0,"3":0,"4":0,"5":0,"6":0,"7":0},"f":{"0":0,"1":0},"b":{}}
,"/usr/src/app/src/config/swagger.ts": {"path":"/usr/src/app/src/config/swagger.ts","statementMap":{"0":{"start":{"line":24,"column":0},"end":{"line":24,"column":16}},"1":{"start":{"line":1,"column":0},"end":{"line":1,"column":41}},"2":{"start":{"line":2,"column":0},"end":{"line":2,"column":43}},"3":{"start":{"line":4,"column":0},"end":{"line":4,"column":24}},"4":{"start":{"line":6,"column":38},"end":{"line":20,"column":2}},"5":{"start":{"line":22,"column":20},"end":{"line":22,"column":41}},"6":{"start":{"line":25,"column":2},"end":{"line":25,"column":51}},"7":{"start":{"line":27,"column":2},"end":{"line":27,"column":70}},"8":{"start":{"line":29,"column":2},"end":{"line":32,"column":5}},"9":{"start":{"line":30,"column":4},"end":{"line":30,"column":54}},"10":{"start":{"line":31,"column":4},"end":{"line":31,"column":26}},"11":{"start":{"line":34,"column":2},"end":{"line":34,"column":53}},"12":{"start":{"line":35,"column":2},"end":{"line":35,"column":59}}},"fnMap":{"0":{"name":"setupSwagger","decl":{"start":{"line":24,"column":16},"end":{"line":24,"column":28}},"loc":{"start":{"line":24,"column":41},"end":{"line":36,"column":1}}},"1":{"name":"(anonymous_2)","decl":{"start":{"line":29,"column":27},"end":{"line":29,"column":28}},"loc":{"start":{"line":29,"column":40},"end":{"line":32,"column":3}}}},"branchMap":{},"s":{"0":1,"1":1,"2":1,"3":1,"4":1,"5":1,"6":1,"7":1,"8":1,"9":0,"10":0,"11":1,"12":1},"f":{"0":1,"1":0},"b":{}}
,"/usr/src/app/src/controllers/user.controller.ts": {"path":"/usr/src/app/src/controllers/user.controller.ts","statementMap":{"0":{"start":{"line":4,"column":0},"end":{"line":4,"column":7}},"1":{"start":{"line":2,"column":0},"end":{"line":2,"column":56}},"2":{"start":{"line":8,"column":36},"end":{"line":8,"column":44}},"3":{"start":{"line":11,"column":2},"end":{"line":13,"column":3}},"4":{"start":{"line":12,"column":4},"end":{"line":12,"column":72}},"5":{"start":{"line":15,"column":2},"end":{"line":32,"column":3}},"6":{"start":{"line":17,"column":26},"end":{"line":17,"column":64}},"7":{"start":{"line":19,"column":4},"end":{"line":21,"column":5}},"8":{"start":{"line":20,"column":6},"end":{"line":20,"column":71}},"9":{"start":{"line":24,"column":17},"end":{"line":24,"column":68}},"10":{"start":{"line":27,"column":4},"end":{"line":27,"column":74}},"11":{"start":{"line":30,"column":4},"end":{"line":30,"column":50}},"12":{"start":{"line":31,"column":4},"end":{"line":31,"column":70}}},"fnMap":{"0":{"name":"handleCreateUser","decl":{"start":{"line":4,"column":22},"end":{"line":4,"column":38}},"loc":{"start":{"line":6,"column":15},"end":{"line":33,"column":1}}}},"branchMap":{"0":{"loc":{"start":{"line":11,"column":2},"end":{"line":13,"column":3}},"type":"if","locations":[{"start":{"line":11,"column":2},"end":{"line":13,"column":3}}]},"1":{"loc":{"start":{"line":11,"column":6},"end":{"line":11,"column":34}},"type":"binary-expr","locations":[{"start":{"line":11,"column":6},"end":{"line":11,"column":11}},{"start":{"line":11,"column":15},"end":{"line":11,"column":21}},{"start":{"line":11,"column":25},"end":{"line":11,"column":34}}]},"2":{"loc":{"start":{"line":19,"column":4},"end":{"line":21,"column":5}},"type":"if","locations":[{"start":{"line":19,"column":4},"end":{"line":21,"column":5}}]}},"s":{"0":2,"1":2,"2":4,"3":4,"4":1,"5":3,"6":3,"7":2,"8":1,"9":1,"10":1,"11":1,"12":1},"f":{"0":4},"b":{"0":[1],"1":[4,4,3],"2":[1]}}
,"/usr/src/app/src/models/user.model.ts": {"path":"/usr/src/app/src/models/user.model.ts","statementMap":{"0":{"start":{"line":1,"column":0},"end":{"line":1,"column":null}},"1":{"start":{"line":9,"column":0},"end":{"line":9,"column":28}},"2":{"start":{"line":22,"column":0},"end":{"line":68,"column":null}},"3":{"start":{"line":57,"column":4},"end":{"line":57,"column":51}},"4":{"start":{"line":63,"column":4},"end":{"line":66,"column":5}},"5":{"start":{"line":64,"column":19},"end":{"line":64,"column":43}},"6":{"start":{"line":65,"column":6},"end":{"line":65,"column":69}},"7":{"start":{"line":70,"column":9},"end":{"line":70,"column":18}},"8":{"start":{"line":32,"column":9},"end":{"line":32,"column":null}},"9":{"start":{"line":42,"column":9},"end":{"line":42,"column":null}},"10":{"start":{"line":51,"column":9},"end":{"line":51,"column":null}},"11":{"start":{"line":54,"column":9},"end":{"line":54,"column":null}},"12":{"start":{"line":62,"column":15},"end":{"line":67,"column":null}},"13":{"start":{"line":22,"column":6},"end":{"line":68,"column":null}}},"fnMap":{"0":{"name":"(anonymous_3)","decl":{"start":{"line":56,"column":9},"end":{"line":56,"column":14}},"loc":{"start":{"line":56,"column":48},"end":{"line":58,"column":3}}},"1":{"name":"(anonymous_4)","decl":{"start":{"line":62,"column":2},"end":{"line":62,"column":8}},"loc":{"start":{"line":62,"column":47},"end":{"line":67,"column":3}}}},"branchMap":{"0":{"loc":{"start":{"line":63,"column":4},"end":{"line":66,"column":5}},"type":"if","locations":[{"start":{"line":63,"column":4},"end":{"line":66,"column":5}}]}},"s":{"0":2,"1":2,"2":2,"3":2,"4":10,"5":9,"6":9,"7":2,"8":2,"9":2,"10":2,"11":2,"12":2,"13":2},"f":{"0":2,"1":10},"b":{"0":[9]}}
,"/usr/src/app/src/routes/app.ts": {"path":"/usr/src/app/src/routes/app.ts","statementMap":{"0":{"start":{"line":2,"column":0},"end":{"line":2,"column":30}},"1":{"start":{"line":3,"column":0},"end":{"line":3,"column":41}},"2":{"start":{"line":4,"column":0},"end":{"line":4,"column":49}},"3":{"start":{"line":5,"column":0},"end":{"line":5,"column":39}},"4":{"start":{"line":8,"column":12},"end":{"line":8,"column":21}},"5":{"start":{"line":9,"column":13},"end":{"line":9,"column":37}},"6":{"start":{"line":11,"column":0},"end":{"line":11,"column":18}},"7":{"start":{"line":12,"column":0},"end":{"line":12,"column":24}},"8":{"start":{"line":14,"column":0},"end":{"line":26,"column":3}},"9":{"start":{"line":15,"column":2},"end":{"line":25,"column":3}},"10":{"start":{"line":16,"column":4},"end":{"line":16,"column":35}},"11":{"start":{"line":17,"column":4},"end":{"line":19,"column":73}},"12":{"start":{"line":21,"column":4},"end":{"line":21,"column":55}},"13":{"start":{"line":22,"column":4},"end":{"line":24,"column":79}},"14":{"start":{"line":28,"column":0},"end":{"line":30,"column":3}},"15":{"start":{"line":29,"column":2},"end":{"line":29,"column":46}},"16":{"start":{"line":32,"column":0},"end":{"line":32,"column":34}},"17":{"start":{"line":34,"column":0},"end":{"line":36,"column":3}},"18":{"start":{"line":35,"column":2},"end":{"line":35,"column":51}},"19":{"start":{"line":38,"column":0},"end":{"line":38,"column":19}}},"fnMap":{"0":{"name":"(anonymous_1)","decl":{"start":{"line":14,"column":22},"end":{"line":14,"column":27}},"loc":{"start":{"line":14,"column":41},"end":{"line":26,"column":1}}},"1":{"name":"(anonymous_2)","decl":{"start":{"line":28,"column":13},"end":{"line":28,"column":14}},"loc":{"start":{"line":28,"column":26},"end":{"line":30,"column":1}}},"2":{"name":"(anonymous_3)","decl":{"start":{"line":34,"column":17},"end":{"line":34,"column":20}},"loc":{"start":{"line":34,"column":22},"end":{"line":36,"column":1}}}},"branchMap":{"0":{"loc":{"start":{"line":9,"column":13},"end":{"line":9,"column":37}},"type":"binary-expr","locations":[{"start":{"line":9,"column":13},"end":{"line":9,"column":29}},{"start":{"line":9,"column":33},"end":{"line":9,"column":37}}]}},"s":{"0":1,"1":1,"2":1,"3":1,"4":1,"5":1,"6":1,"7":1,"8":1,"9":2,"10":2,"11":1,"12":1,"13":1,"14":1,"15":1,"16":1,"17":1,"18":1,"19":1},"f":{"0":2,"1":1,"2":1},"b":{"0":[1,0]}}
,"/usr/src/app/src/routes/user.routes.ts": {"path":"/usr/src/app/src/routes/user.routes.ts","statementMap":{"0":{"start":{"line":2,"column":0},"end":{"line":2,"column":33}},"1":{"start":{"line":3,"column":0},"end":{"line":3,"column":66}},"2":{"start":{"line":5,"column":19},"end":{"line":5,"column":27}},"3":{"start":{"line":60,"column":0},"end":{"line":60,"column":39}},"4":{"start":{"line":62,"column":0},"end":{"line":62,"column":26}}},"fnMap":{},"branchMap":{},"s":{"0":1,"1":1,"2":1,"3":1,"4":1},"f":{},"b":{}}
,"/usr/src/app/src/services/user.service.ts": {"path":"/usr/src/app/src/services/user.service.ts","statementMap":{"0":{"start":{"line":12,"column":0},"end":{"line":12,"column":7}},"1":{"start":{"line":37,"column":0},"end":{"line":37,"column":7}},"2":{"start":{"line":2,"column":0},"end":{"line":2,"column":49}},"3":{"start":{"line":3,"column":0},"end":{"line":3,"column":28}},"4":{"start":{"line":18,"column":21},"end":{"line":18,"column":23}},"5":{"start":{"line":19,"column":25},"end":{"line":19,"column":64}},"6":{"start":{"line":22,"column":18},"end":{"line":26,"column":4}},"7":{"start":{"line":29,"column":2},"end":{"line":29,"column":55}},"8":{"start":{"line":38,"column":23},"end":{"line":38,"column":68}},"9":{"start":{"line":39,"column":2},"end":{"line":39,"column":23}}},"fnMap":{"0":{"name":"createUser","decl":{"start":{"line":12,"column":22},"end":{"line":12,"column":32}},"loc":{"start":{"line":15,"column":18},"end":{"line":30,"column":1}}},"1":{"name":"isEmailUnique","decl":{"start":{"line":37,"column":22},"end":{"line":37,"column":35}},"loc":{"start":{"line":37,"column":49},"end":{"line":40,"column":1}}}},"branchMap":{},"s":{"0":2,"1":2,"2":2,"3":2,"4":1,"5":1,"6":1,"7":1,"8":2,"9":2},"f":{"0":1,"1":2},"b":{}}
}
