{"/usr/src/app/src/app.ts": {"path":"/usr/src/app/src/app.ts","statementMap":{"0":{"start":{"line":2,"column":0},"end":{"line":2,"column":53}},"1":{"start":{"line":3,"column":0},"end":{"line":3,"column":28}},"2":{"start":{"line":4,"column":0},"end":{"line":4,"column":24}},"3":{"start":{"line":5,"column":0},"end":{"line":5,"column":28}},"4":{"start":{"line":6,"column":0},"end":{"line":6,"column":32}},"5":{"start":{"line":7,"column":0},"end":{"line":7,"column":40}},"6":{"start":{"line":8,"column":0},"end":{"line":8,"column":48}},"7":{"start":{"line":9,"column":0},"end":{"line":9,"column":58}},"8":{"start":{"line":12,"column":0},"end":{"line":12,"column":46}},"9":{"start":{"line":13,"column":0},"end":{"line":13,"column":46}},"10":{"start":{"line":14,"column":0},"end":{"line":14,"column":62}},"11":{"start":{"line":15,"column":0},"end":{"line":15,"column":56}},"12":{"start":{"line":16,"column":0},"end":{"line":16,"column":48}},"13":{"start":{"line":17,"column":0},"end":{"line":17,"column":56}},"14":{"start":{"line":18,"column":0},"end":{"line":18,"column":52}},"15":{"start":{"line":19,"column":0},"end":{"line":19,"column":60}},"16":{"start":{"line":20,"column":0},"end":{"line":20,"column":47}},"17":{"start":{"line":21,"column":0},"end":{"line":21,"column":51}},"18":{"start":{"line":23,"column":12},"end":{"line":23,"column":21}},"19":{"start":{"line":26,"column":0},"end":{"line":26,"column":24}},"20":{"start":{"line":27,"column":0},"end":{"line":27,"column":18}},"21":{"start":{"line":28,"column":0},"end":{"line":28,"column":16}},"22":{"start":{"line":29,"column":0},"end":{"line":29,"column":23}},"23":{"start":{"line":32,"column":0},"end":{"line":32,"column":18}},"24":{"start":{"line":35,"column":0},"end":{"line":70,"column":3}},"25":{"start":{"line":36,"column":19},"end":{"line":36,"column":42}},"26":{"start":{"line":38,"column":2},"end":{"line":44,"column":3}},"27":{"start":{"line":39,"column":4},"end":{"line":42,"column":7}},"28":{"start":{"line":43,"column":4},"end":{"line":43,"column":11}},"29":{"start":{"line":46,"column":18},"end":{"line":51,"column":4}},"30":{"start":{"line":53,"column":22},"end":{"line":53,"column":72}},"31":{"start":{"line":54,"column":22},"end":{"line":54,"column":72}},"32":{"start":{"line":57,"column":4},"end":{"line":57,"column":65}},"33":{"start":{"line":59,"column":2},"end":{"line":69,"column":5}},"34":{"start":{"line":73,"column":0},"end":{"line":75,"column":3}},"35":{"start":{"line":74,"column":2},"end":{"line":74,"column":46}},"36":{"start":{"line":78,"column":0},"end":{"line":78,"column":34}},"37":{"start":{"line":79,"column":0},"end":{"line":79,"column":33}},"38":{"start":{"line":80,"column":0},"end":{"line":80,"column":50}},"39":{"start":{"line":81,"column":0},"end":{"line":81,"column":44}},"40":{"start":{"line":82,"column":0},"end":{"line":82,"column":35}},"41":{"start":{"line":83,"column":0},"end":{"line":83,"column":43}},"42":{"start":{"line":84,"column":0},"end":{"line":84,"column":40}},"43":{"start":{"line":85,"column":0},"end":{"line":85,"column":49}},"44":{"start":{"line":86,"column":0},"end":{"line":86,"column":35}},"45":{"start":{"line":87,"column":0},"end":{"line":87,"column":39}},"46":{"start":{"line":90,"column":0},"end":{"line":90,"column":22}},"47":{"start":{"line":92,"column":0},"end":{"line":92,"column":19}}},"fnMap":{"0":{"name":"(anonymous_1)","decl":{"start":{"line":35,"column":22},"end":{"line":35,"column":27}},"loc":{"start":{"line":35,"column":75},"end":{"line":70,"column":1}}},"1":{"name":"(anonymous_2)","decl":{"start":{"line":73,"column":13},"end":{"line":73,"column":14}},"loc":{"start":{"line":73,"column":45},"end":{"line":75,"column":1}}}},"branchMap":{"0":{"loc":{"start":{"line":38,"column":2},"end":{"line":44,"column":3}},"type":"if","locations":[{"start":{"line":38,"column":2},"end":{"line":44,"column":3}}]},"1":{"loc":{"start":{"line":48,"column":4},"end":{"line":50,"column":34}},"type":"cond-expr","locations":[{"start":{"line":49,"column":8},"end":{"line":49,"column":25}},{"start":{"line":50,"column":8},"end":{"line":50,"column":34}}]},"2":{"loc":{"start":{"line":53,"column":22},"end":{"line":53,"column":72}},"type":"cond-expr","locations":[{"start":{"line":53,"column":58},"end":{"line":53,"column":62}},{"start":{"line":53,"column":65},"end":{"line":53,"column":72}}]},"3":{"loc":{"start":{"line":54,"column":22},"end":{"line":54,"column":72}},"type":"cond-expr","locations":[{"start":{"line":54,"column":58},"end":{"line":54,"column":62}},{"start":{"line":54,"column":65},"end":{"line":54,"column":72}}]},"4":{"loc":{"start":{"line":57,"column":4},"end":{"line":57,"column":65}},"type":"cond-expr","locations":[{"start":{"line":57,"column":51},"end":{"line":57,"column":55}},{"start":{"line":57,"column":58},"end":{"line":57,"column":65}}]},"5":{"loc":{"start":{"line":57,"column":4},"end":{"line":57,"column":48}},"type":"binary-expr","locations":[{"start":{"line":57,"column":4},"end":{"line":57,"column":24}},{"start":{"line":57,"column":28},"end":{"line":57,"column":48}}]},"6":{"loc":{"start":{"line":59,"column":13},"end":{"line":59,"column":47}},"type":"cond-expr","locations":[{"start":{"line":59,"column":38},"end":{"line":59,"column":41}},{"start":{"line":59,"column":44},"end":{"line":59,"column":47}}]},"7":{"loc":{"start":{"line":66,"column":6},"end":{"line":68,"column":51}},"type":"cond-expr","locations":[{"start":{"line":67,"column":10},"end":{"line":67,"column":44}},{"start":{"line":68,"column":10},"end":{"line":68,"column":51}}]}},"s":{"0":0,"1":0,"2":0,"3":0,"4":0,"5":0,"6":0,"7":0,"8":0,"9":0,"10":0,"11":0,"12":0,"13":0,"14":0,"15":0,"16":0,"17":0,"18":0,"19":0,"20":0,"21":0,"22":0,"23":0,"24":0,"25":0,"26":0,"27":0,"28":0,"29":0,"30":0,"31":0,"32":0,"33":0,"34":0,"35":0,"36":0,"37":0,"38":0,"39":0,"40":0,"41":0,"42":0,"43":0,"44":0,"45":0,"46":0,"47":0},"f":{"0":0,"1":0},"b":{"0":[0],"1":[0,0],"2":[0,0],"3":[0,0],"4":[0,0],"5":[0,0],"6":[0,0],"7":[0,0]}}
,"/usr/src/app/src/server.ts": {"path":"/usr/src/app/src/server.ts","statementMap":{"0":{"start":{"line":2,"column":0},"end":{"line":2,"column":28}},"1":{"start":{"line":3,"column":0},"end":{"line":3,"column":24}},"2":{"start":{"line":4,"column":0},"end":{"line":4,"column":40}},"3":{"start":{"line":5,"column":0},"end":{"line":5,"column":44}},"4":{"start":{"line":7,"column":0},"end":{"line":7,"column":16}},"5":{"start":{"line":9,"column":13},"end":{"line":9,"column":45}},"6":{"start":{"line":11,"column":15},"end":{"line":27,"column":2}},"7":{"start":{"line":12,"column":2},"end":{"line":24,"column":3}},"8":{"start":{"line":13,"column":4},"end":{"line":20,"column":7}},"9":{"start":{"line":15,"column":8},"end":{"line":15,"column":53}},"10":{"start":{"line":18,"column":8},"end":{"line":18,"column":55}},"11":{"start":{"line":22,"column":4},"end":{"line":22,"column":57}},"12":{"start":{"line":23,"column":4},"end":{"line":23,"column":20}},"13":{"start":{"line":26,"column":2},"end":{"line":26,"column":62}},"14":{"start":{"line":29,"column":0},"end":{"line":29,"column":22}}},"fnMap":{"0":{"name":"(anonymous_1)","decl":{"start":{"line":11,"column":43},"end":{"line":11,"column":48}},"loc":{"start":{"line":11,"column":54},"end":{"line":27,"column":1}}},"1":{"name":"(anonymous_2)","decl":{"start":{"line":14,"column":36},"end":{"line":14,"column":39}},"loc":{"start":{"line":14,"column":41},"end":{"line":16,"column":7}}},"2":{"name":"(anonymous_3)","decl":{"start":{"line":17,"column":28},"end":{"line":17,"column":31}},"loc":{"start":{"line":17,"column":33},"end":{"line":19,"column":7}}}},"branchMap":{"0":{"loc":{"start":{"line":9,"column":13},"end":{"line":9,"column":45}},"type":"binary-expr","locations":[{"start":{"line":9,"column":13},"end":{"line":9,"column":37}},{"start":{"line":9,"column":41},"end":{"line":9,"column":45}}]}},"s":{"0":0,"1":0,"2":0,"3":0,"4":0,"5":0,"6":0,"7":0,"8":0,"9":0,"10":0,"11":0,"12":0,"13":0,"14":0},"f":{"0":0,"1":0,"2":0},"b":{"0":[0,0]}}
,"/usr/src/app/src/config/db.ts": {"path":"/usr/src/app/src/config/db.ts","statementMap":{"0":{"start":{"line":1,"column":0},"end":{"line":1,"column":49}},"1":{"start":{"line":2,"column":0},"end":{"line":2,"column":28}},"2":{"start":{"line":3,"column":0},"end":{"line":3,"column":49}},"3":{"start":{"line":4,"column":0},"end":{"line":4,"column":67}},"4":{"start":{"line":5,"column":0},"end":{"line":5,"column":65}},"5":{"start":{"line":6,"column":0},"end":{"line":6,"column":59}},"6":{"start":{"line":7,"column":0},"end":{"line":7,"column":51}},"7":{"start":{"line":8,"column":0},"end":{"line":8,"column":59}},"8":{"start":{"line":9,"column":0},"end":{"line":9,"column":55}},"9":{"start":{"line":10,"column":0},"end":{"line":10,"column":63}},"10":{"start":{"line":12,"column":0},"end":{"line":12,"column":16}},"11":{"start":{"line":15,"column":13},"end":{"line":39,"column":3}},"12":{"start":{"line":42,"column":0},"end":{"line":45,"column":65}},"13":{"start":{"line":44,"column":14},"end":{"line":44,"column":45}},"14":{"start":{"line":45,"column":18},"end":{"line":45,"column":63}}},"fnMap":{"0":{"name":"(anonymous_1)","decl":{"start":{"line":44,"column":8},"end":{"line":44,"column":11}},"loc":{"start":{"line":44,"column":14},"end":{"line":44,"column":45}}},"1":{"name":"(anonymous_2)","decl":{"start":{"line":45,"column":9},"end":{"line":45,"column":10}},"loc":{"start":{"line":45,"column":18},"end":{"line":45,"column":63}}}},"branchMap":{},"s":{"0":0,"1":0,"2":0,"3":0,"4":0,"5":0,"6":0,"7":0,"8":0,"9":0,"10":0,"11":0,"12":0,"13":0,"14":0},"f":{"0":0,"1":0},"b":{}}
,"/usr/src/app/src/config/mongo.ts": {"path":"/usr/src/app/src/config/mongo.ts","statementMap":{"0":{"start":{"line":2,"column":0},"end":{"line":2,"column":32}},"1":{"start":{"line":4,"column":23},"end":{"line":22,"column":1}},"2":{"start":{"line":5,"column":2},"end":{"line":21,"column":3}},"3":{"start":{"line":6,"column":16},"end":{"line":6,"column":49}},"4":{"start":{"line":8,"column":4},"end":{"line":10,"column":5}},"5":{"start":{"line":9,"column":6},"end":{"line":9,"column":74}},"6":{"start":{"line":12,"column":4},"end":{"line":15,"column":34}},"7":{"start":{"line":17,"column":4},"end":{"line":17,"column":42}},"8":{"start":{"line":19,"column":4},"end":{"line":19,"column":56}},"9":{"start":{"line":20,"column":4},"end":{"line":20,"column":20}},"10":{"start":{"line":24,"column":0},"end":{"line":24,"column":30}}},"fnMap":{"0":{"name":"(anonymous_1)","decl":{"start":{"line":4,"column":23},"end":{"line":4,"column":28}},"loc":{"start":{"line":4,"column":34},"end":{"line":22,"column":1}}}},"branchMap":{"0":{"loc":{"start":{"line":8,"column":4},"end":{"line":10,"column":5}},"type":"if","locations":[{"start":{"line":8,"column":4},"end":{"line":10,"column":5}}]}},"s":{"0":0,"1":0,"2":0,"3":0,"4":0,"5":0,"6":0,"7":0,"8":0,"9":0,"10":0},"f":{"0":0},"b":{"0":[0]}}
,"/usr/src/app/src/config/swagger.ts": {"path":"/usr/src/app/src/config/swagger.ts","statementMap":{"0":{"start":{"line":24,"column":0},"end":{"line":24,"column":16}},"1":{"start":{"line":1,"column":0},"end":{"line":1,"column":41}},"2":{"start":{"line":2,"column":0},"end":{"line":2,"column":43}},"3":{"start":{"line":4,"column":0},"end":{"line":4,"column":24}},"4":{"start":{"line":6,"column":38},"end":{"line":20,"column":2}},"5":{"start":{"line":22,"column":20},"end":{"line":22,"column":41}},"6":{"start":{"line":25,"column":2},"end":{"line":25,"column":51}},"7":{"start":{"line":27,"column":2},"end":{"line":27,"column":70}},"8":{"start":{"line":29,"column":2},"end":{"line":32,"column":5}},"9":{"start":{"line":30,"column":4},"end":{"line":30,"column":54}},"10":{"start":{"line":31,"column":4},"end":{"line":31,"column":26}},"11":{"start":{"line":34,"column":2},"end":{"line":34,"column":53}},"12":{"start":{"line":35,"column":2},"end":{"line":35,"column":59}}},"fnMap":{"0":{"name":"setupSwagger","decl":{"start":{"line":24,"column":16},"end":{"line":24,"column":28}},"loc":{"start":{"line":24,"column":41},"end":{"line":36,"column":1}}},"1":{"name":"(anonymous_2)","decl":{"start":{"line":29,"column":27},"end":{"line":29,"column":28}},"loc":{"start":{"line":29,"column":40},"end":{"line":32,"column":3}}}},"branchMap":{},"s":{"0":0,"1":0,"2":0,"3":0,"4":0,"5":0,"6":0,"7":0,"8":0,"9":0,"10":0,"11":0,"12":0},"f":{"0":0,"1":0},"b":{}}
,"/usr/src/app/src/controllers/auth.controller.ts": {"path":"/usr/src/app/src/controllers/auth.controller.ts","statementMap":{"0":{"start":{"line":13,"column":0},"end":{"line":13,"column":7}},"1":{"start":{"line":42,"column":0},"end":{"line":42,"column":7}},"2":{"start":{"line":78,"column":0},"end":{"line":78,"column":7}},"3":{"start":{"line":3,"column":0},"end":{"line":3,"column":53}},"4":{"start":{"line":6,"column":13},"end":{"line":6,"column":45}},"5":{"start":{"line":14,"column":30},"end":{"line":14,"column":38}},"6":{"start":{"line":16,"column":2},"end":{"line":34,"column":3}},"7":{"start":{"line":18,"column":19},"end":{"line":18,"column":59}},"8":{"start":{"line":21,"column":4},"end":{"line":23,"column":5}},"9":{"start":{"line":22,"column":6},"end":{"line":22,"column":76}},"10":{"start":{"line":26,"column":4},"end":{"line":30,"column":7}},"11":{"start":{"line":32,"column":4},"end":{"line":32,"column":41}},"12":{"start":{"line":33,"column":4},"end":{"line":33,"column":70}},"13":{"start":{"line":46,"column":20},"end":{"line":46,"column":28}},"14":{"start":{"line":49,"column":2},"end":{"line":51,"column":3}},"15":{"start":{"line":50,"column":4},"end":{"line":50,"column":66}},"16":{"start":{"line":53,"column":2},"end":{"line":70,"column":3}},"17":{"start":{"line":55,"column":20},"end":{"line":55,"column":50}},"18":{"start":{"line":58,"column":4},"end":{"line":60,"column":5}},"19":{"start":{"line":59,"column":6},"end":{"line":59,"column":64}},"20":{"start":{"line":63,"column":4},"end":{"line":66,"column":7}},"21":{"start":{"line":68,"column":4},"end":{"line":68,"column":54}},"22":{"start":{"line":69,"column":4},"end":{"line":69,"column":70}},"23":{"start":{"line":82,"column":21},"end":{"line":82,"column":29}},"24":{"start":{"line":85,"column":2},"end":{"line":87,"column":3}},"25":{"start":{"line":86,"column":4},"end":{"line":86,"column":68}},"26":{"start":{"line":89,"column":2},"end":{"line":107,"column":3}},"27":{"start":{"line":91,"column":19},"end":{"line":91,"column":57}},"28":{"start":{"line":94,"column":4},"end":{"line":96,"column":5}},"29":{"start":{"line":95,"column":6},"end":{"line":95,"column":65}},"30":{"start":{"line":99,"column":4},"end":{"line":103,"column":7}},"31":{"start":{"line":105,"column":4},"end":{"line":105,"column":49}},"32":{"start":{"line":106,"column":4},"end":{"line":106,"column":70}}},"fnMap":{"0":{"name":"handleLogin","decl":{"start":{"line":13,"column":22},"end":{"line":13,"column":33}},"loc":{"start":{"line":13,"column":61},"end":{"line":35,"column":1}}},"1":{"name":"handleVerifyToken","decl":{"start":{"line":42,"column":22},"end":{"line":42,"column":39}},"loc":{"start":{"line":44,"column":15},"end":{"line":71,"column":1}}},"2":{"name":"handleRefreshToken","decl":{"start":{"line":78,"column":22},"end":{"line":78,"column":40}},"loc":{"start":{"line":80,"column":15},"end":{"line":108,"column":1}}}},"branchMap":{"0":{"loc":{"start":{"line":21,"column":4},"end":{"line":23,"column":5}},"type":"if","locations":[{"start":{"line":21,"column":4},"end":{"line":23,"column":5}}]},"1":{"loc":{"start":{"line":49,"column":2},"end":{"line":51,"column":3}},"type":"if","locations":[{"start":{"line":49,"column":2},"end":{"line":51,"column":3}}]},"2":{"loc":{"start":{"line":58,"column":4},"end":{"line":60,"column":5}},"type":"if","locations":[{"start":{"line":58,"column":4},"end":{"line":60,"column":5}}]},"3":{"loc":{"start":{"line":85,"column":2},"end":{"line":87,"column":3}},"type":"if","locations":[{"start":{"line":85,"column":2},"end":{"line":87,"column":3}}]},"4":{"loc":{"start":{"line":94,"column":4},"end":{"line":96,"column":5}},"type":"if","locations":[{"start":{"line":94,"column":4},"end":{"line":96,"column":5}}]}},"s":{"0":2,"1":2,"2":2,"3":2,"4":2,"5":3,"6":3,"7":3,"8":2,"9":1,"10":1,"11":1,"12":1,"13":3,"14":3,"15":1,"16":2,"17":2,"18":2,"19":1,"20":1,"21":0,"22":0,"23":4,"24":4,"25":1,"26":3,"27":3,"28":2,"29":1,"30":1,"31":1,"32":1},"f":{"0":3,"1":3,"2":4},"b":{"0":[1],"1":[1],"2":[1],"3":[1],"4":[1]}}
,"/usr/src/app/src/controllers/autorization.controller.ts": {"path":"/usr/src/app/src/controllers/autorization.controller.ts","statementMap":{"0":{"start":{"line":2,"column":0},"end":{"line":2,"column":73}},"1":{"start":{"line":4,"column":0},"end":{"line":4,"column":51}},"2":{"start":{"line":6,"column":13},"end":{"line":6,"column":45}},"3":{"start":{"line":8,"column":13},"end":{"line":8,"column":54}},"4":{"start":{"line":13,"column":29},"end":{"line":30,"column":1}},"5":{"start":{"line":14,"column":21},"end":{"line":14,"column":31}},"6":{"start":{"line":16,"column":2},"end":{"line":29,"column":3}},"7":{"start":{"line":17,"column":17},"end":{"line":17,"column":50}},"8":{"start":{"line":19,"column":4},"end":{"line":23,"column":5}},"9":{"start":{"line":20,"column":6},"end":{"line":22,"column":65}},"10":{"start":{"line":25,"column":4},"end":{"line":25,"column":50}},"11":{"start":{"line":27,"column":4},"end":{"line":27,"column":48}},"12":{"start":{"line":28,"column":4},"end":{"line":28,"column":70}},"13":{"start":{"line":13,"column":13},"end":{"line":13,"column":29}},"14":{"start":{"line":36,"column":2},"end":{"line":63,"column":3}},"15":{"start":{"line":37,"column":2},"end":{"line":63,"column":3}},"16":{"start":{"line":38,"column":4},"end":{"line":62,"column":5}},"17":{"start":{"line":39,"column":19},"end":{"line":39,"column":34}},"18":{"start":{"line":41,"column":6},"end":{"line":46,"column":7}},"19":{"start":{"line":42,"column":8},"end":{"line":44,"column":73}},"20":{"start":{"line":45,"column":8},"end":{"line":45,"column":15}},"21":{"start":{"line":48,"column":6},"end":{"line":48,"column":47}},"22":{"start":{"line":51,"column":6},"end":{"line":58,"column":9}},"23":{"start":{"line":60,"column":6},"end":{"line":60,"column":61}},"24":{"start":{"line":61,"column":6},"end":{"line":61,"column":65}},"25":{"start":{"line":35,"column":13},"end":{"line":35,"column":null}},"26":{"start":{"line":68,"column":35},"end":{"line":90,"column":1}},"27":{"start":{"line":69,"column":21},"end":{"line":69,"column":31}},"28":{"start":{"line":70,"column":27},"end":{"line":70,"column":36}},"29":{"start":{"line":72,"column":2},"end":{"line":78,"column":3}},"30":{"start":{"line":77,"column":4},"end":{"line":77,"column":70}},"31":{"start":{"line":80,"column":2},"end":{"line":89,"column":3}},"32":{"start":{"line":81,"column":22},"end":{"line":83,"column":null}},"33":{"start":{"line":85,"column":4},"end":{"line":85,"column":69}},"34":{"start":{"line":87,"column":4},"end":{"line":87,"column":55}},"35":{"start":{"line":88,"column":4},"end":{"line":88,"column":70}},"36":{"start":{"line":68,"column":13},"end":{"line":68,"column":35}}},"fnMap":{"0":{"name":"(anonymous_1)","decl":{"start":{"line":13,"column":29},"end":{"line":13,"column":34}},"loc":{"start":{"line":13,"column":67},"end":{"line":30,"column":1}}},"1":{"name":"(anonymous_2)","decl":{"start":{"line":36,"column":2},"end":{"line":36,"column":3}},"loc":{"start":{"line":37,"column":2},"end":{"line":63,"column":3}}},"2":{"name":"(anonymous_3)","decl":{"start":{"line":37,"column":2},"end":{"line":37,"column":7}},"loc":{"start":{"line":37,"column":75},"end":{"line":63,"column":3}}},"3":{"name":"(anonymous_4)","decl":{"start":{"line":68,"column":35},"end":{"line":68,"column":40}},"loc":{"start":{"line":68,"column":73},"end":{"line":90,"column":1}}}},"branchMap":{"0":{"loc":{"start":{"line":19,"column":4},"end":{"line":23,"column":5}},"type":"if","locations":[{"start":{"line":19,"column":4},"end":{"line":23,"column":5}}]},"1":{"loc":{"start":{"line":41,"column":6},"end":{"line":46,"column":7}},"type":"if","locations":[{"start":{"line":41,"column":6},"end":{"line":46,"column":7}}]},"2":{"loc":{"start":{"line":41,"column":10},"end":{"line":41,"column":27}},"type":"binary-expr","locations":[{"start":{"line":41,"column":10},"end":{"line":41,"column":15}},{"start":{"line":41,"column":19},"end":{"line":41,"column":27}}]},"3":{"loc":{"start":{"line":72,"column":2},"end":{"line":78,"column":3}},"type":"if","locations":[{"start":{"line":72,"column":2},"end":{"line":78,"column":3}}]}},"s":{"0":1,"1":1,"2":1,"3":1,"4":1,"5":3,"6":3,"7":3,"8":2,"9":1,"10":1,"11":1,"12":1,"13":1,"14":1,"15":1,"16":3,"17":3,"18":3,"19":1,"20":1,"21":2,"22":1,"23":1,"24":1,"25":1,"26":1,"27":3,"28":3,"29":3,"30":1,"31":2,"32":2,"33":1,"34":1,"35":1,"36":1},"f":{"0":3,"1":1,"2":3,"3":3},"b":{"0":[1],"1":[1],"2":[3,2],"3":[1]}}
,"/usr/src/app/src/controllers/booking.controller.ts": {"path":"/usr/src/app/src/controllers/booking.controller.ts","statementMap":{"0":{"start":{"line":2,"column":0},"end":{"line":2,"column":61}},"1":{"start":{"line":4,"column":0},"end":{"line":4,"column":65}},"2":{"start":{"line":5,"column":0},"end":{"line":5,"column":65}},"3":{"start":{"line":6,"column":0},"end":{"line":6,"column":60}},"4":{"start":{"line":7,"column":0},"end":{"line":7,"column":56}},"5":{"start":{"line":9,"column":0},"end":{"line":9,"column":28}},"6":{"start":{"line":10,"column":0},"end":{"line":10,"column":41}},"7":{"start":{"line":11,"column":0},"end":{"line":11,"column":69}},"8":{"start":{"line":12,"column":0},"end":{"line":12,"column":55}},"9":{"start":{"line":13,"column":0},"end":{"line":13,"column":66}},"10":{"start":{"line":14,"column":13},"end":{"line":14,"column":55}},"11":{"start":{"line":15,"column":13},"end":{"line":15,"column":59}},"12":{"start":{"line":16,"column":13},"end":{"line":16,"column":55}},"13":{"start":{"line":17,"column":13},"end":{"line":17,"column":51}},"14":{"start":{"line":35,"column":35},"end":{"line":93,"column":1}},"15":{"start":{"line":40,"column":40},"end":{"line":40,"column":44}},"16":{"start":{"line":42,"column":2},"end":{"line":92,"column":3}},"17":{"start":{"line":43,"column":4},"end":{"line":43,"column":48}},"18":{"start":{"line":45,"column":50},"end":{"line":45,"column":58}},"19":{"start":{"line":46,"column":19},"end":{"line":46,"column":31}},"20":{"start":{"line":48,"column":4},"end":{"line":48,"column":75}},"21":{"start":{"line":48,"column":17},"end":{"line":48,"column":75}},"22":{"start":{"line":49,"column":4},"end":{"line":50,"column":53}},"23":{"start":{"line":50,"column":6},"end":{"line":50,"column":53}},"24":{"start":{"line":51,"column":4},"end":{"line":52,"column":57}},"25":{"start":{"line":52,"column":6},"end":{"line":52,"column":57}},"26":{"start":{"line":54,"column":4},"end":{"line":57,"column":7}},"27":{"start":{"line":59,"column":22},"end":{"line":59,"column":41}},"28":{"start":{"line":61,"column":20},"end":{"line":69,"column":null}},"29":{"start":{"line":72,"column":25},"end":{"line":78,"column":null}},"30":{"start":{"line":74,"column":8},"end":{"line":76,"column":null}},"31":{"start":{"line":81,"column":4},"end":{"line":81,"column":31}},"32":{"start":{"line":83,"column":4},"end":{"line":88,"column":7}},"33":{"start":{"line":90,"column":4},"end":{"line":90,"column":71}},"34":{"start":{"line":90,"column":21},"end":{"line":90,"column":71}},"35":{"start":{"line":91,"column":4},"end":{"line":91,"column":16}},"36":{"start":{"line":35,"column":13},"end":{"line":35,"column":35}},"37":{"start":{"line":105,"column":36},"end":{"line":121,"column":1}},"38":{"start":{"line":110,"column":2},"end":{"line":120,"column":3}},"39":{"start":{"line":111,"column":26},"end":{"line":111,"column":36}},"40":{"start":{"line":112,"column":20},"end":{"line":112,"column":66}},"41":{"start":{"line":114,"column":4},"end":{"line":115,"column":72}},"42":{"start":{"line":115,"column":6},"end":{"line":115,"column":72}},"43":{"start":{"line":117,"column":4},"end":{"line":117,"column":34}},"44":{"start":{"line":119,"column":4},"end":{"line":119,"column":16}},"45":{"start":{"line":105,"column":13},"end":{"line":105,"column":36}},"46":{"start":{"line":133,"column":36},"end":{"line":144,"column":1}},"47":{"start":{"line":138,"column":2},"end":{"line":143,"column":3}},"48":{"start":{"line":139,"column":21},"end":{"line":139,"column":58}},"49":{"start":{"line":140,"column":4},"end":{"line":140,"column":35}},"50":{"start":{"line":142,"column":4},"end":{"line":142,"column":16}},"51":{"start":{"line":133,"column":13},"end":{"line":133,"column":36}},"52":{"start":{"line":156,"column":35},"end":{"line":187,"column":1}},"53":{"start":{"line":161,"column":40},"end":{"line":161,"column":44}},"54":{"start":{"line":163,"column":2},"end":{"line":186,"column":3}},"55":{"start":{"line":164,"column":4},"end":{"line":164,"column":48}},"56":{"start":{"line":166,"column":26},"end":{"line":166,"column":36}},"57":{"start":{"line":167,"column":51},"end":{"line":167,"column":59}},"58":{"start":{"line":169,"column":27},"end":{"line":172,"column":null}},"59":{"start":{"line":175,"column":4},"end":{"line":178,"column":5}},"60":{"start":{"line":176,"column":6},"end":{"line":176,"column":35}},"61":{"start":{"line":177,"column":6},"end":{"line":177,"column":72}},"62":{"start":{"line":180,"column":4},"end":{"line":180,"column":31}},"63":{"start":{"line":182,"column":4},"end":{"line":182,"column":41}},"64":{"start":{"line":184,"column":4},"end":{"line":184,"column":71}},"65":{"start":{"line":184,"column":21},"end":{"line":184,"column":71}},"66":{"start":{"line":185,"column":4},"end":{"line":185,"column":16}},"67":{"start":{"line":156,"column":13},"end":{"line":156,"column":35}},"68":{"start":{"line":199,"column":35},"end":{"line":230,"column":1}},"69":{"start":{"line":204,"column":40},"end":{"line":204,"column":44}},"70":{"start":{"line":206,"column":2},"end":{"line":229,"column":3}},"71":{"start":{"line":207,"column":4},"end":{"line":207,"column":48}},"72":{"start":{"line":209,"column":26},"end":{"line":209,"column":36}},"73":{"start":{"line":211,"column":4},"end":{"line":214,"column":6}},"74":{"start":{"line":216,"column":20},"end":{"line":216,"column":78}},"75":{"start":{"line":218,"column":4},"end":{"line":221,"column":5}},"76":{"start":{"line":219,"column":6},"end":{"line":219,"column":35}},"77":{"start":{"line":220,"column":6},"end":{"line":220,"column":72}},"78":{"start":{"line":223,"column":4},"end":{"line":223,"column":31}},"79":{"start":{"line":225,"column":4},"end":{"line":225,"column":27}},"80":{"start":{"line":227,"column":4},"end":{"line":227,"column":71}},"81":{"start":{"line":227,"column":21},"end":{"line":227,"column":71}},"82":{"start":{"line":228,"column":4},"end":{"line":228,"column":16}},"83":{"start":{"line":199,"column":13},"end":{"line":199,"column":35}},"84":{"start":{"line":244,"column":39},"end":{"line":275,"column":1}},"85":{"start":{"line":249,"column":2},"end":{"line":274,"column":3}},"86":{"start":{"line":250,"column":23},"end":{"line":250,"column":33}},"87":{"start":{"line":253,"column":21},"end":{"line":253,"column":69}},"88":{"start":{"line":256,"column":23},"end":{"line":256,"column":55}},"89":{"start":{"line":256,"column":43},"end":{"line":256,"column":54}},"90":{"start":{"line":259,"column":21},"end":{"line":261,"column":26}},"91":{"start":{"line":263,"column":25},"end":{"line":263,"column":66}},"92":{"start":{"line":263,"column":53},"end":{"line":263,"column":64}},"93":{"start":{"line":266,"column":19},"end":{"line":269,"column":7}},"94":{"start":{"line":266,"column":46},"end":{"line":269,"column":6}},"95":{"start":{"line":271,"column":4},"end":{"line":271,"column":33}},"96":{"start":{"line":273,"column":4},"end":{"line":273,"column":16}},"97":{"start":{"line":244,"column":13},"end":{"line":244,"column":39}},"98":{"start":{"line":287,"column":39},"end":{"line":316,"column":1}},"99":{"start":{"line":292,"column":40},"end":{"line":292,"column":44}},"100":{"start":{"line":294,"column":2},"end":{"line":315,"column":3}},"101":{"start":{"line":295,"column":4},"end":{"line":295,"column":48}},"102":{"start":{"line":297,"column":26},"end":{"line":297,"column":36}},"103":{"start":{"line":299,"column":20},"end":{"line":301,"column":null}},"104":{"start":{"line":304,"column":4},"end":{"line":307,"column":5}},"105":{"start":{"line":305,"column":6},"end":{"line":305,"column":35}},"106":{"start":{"line":306,"column":6},"end":{"line":306,"column":72}},"107":{"start":{"line":309,"column":4},"end":{"line":309,"column":31}},"108":{"start":{"line":311,"column":4},"end":{"line":311,"column":34}},"109":{"start":{"line":313,"column":4},"end":{"line":313,"column":71}},"110":{"start":{"line":313,"column":21},"end":{"line":313,"column":71}},"111":{"start":{"line":314,"column":4},"end":{"line":314,"column":16}},"112":{"start":{"line":287,"column":13},"end":{"line":287,"column":39}},"113":{"start":{"line":328,"column":35},"end":{"line":354,"column":1}},"114":{"start":{"line":333,"column":40},"end":{"line":333,"column":44}},"115":{"start":{"line":335,"column":2},"end":{"line":353,"column":3}},"116":{"start":{"line":336,"column":4},"end":{"line":336,"column":48}},"117":{"start":{"line":338,"column":26},"end":{"line":338,"column":36}},"118":{"start":{"line":340,"column":20},"end":{"line":340,"column":78}},"119":{"start":{"line":342,"column":4},"end":{"line":345,"column":5}},"120":{"start":{"line":343,"column":6},"end":{"line":343,"column":35}},"121":{"start":{"line":344,"column":6},"end":{"line":344,"column":72}},"122":{"start":{"line":347,"column":4},"end":{"line":347,"column":31}},"123":{"start":{"line":349,"column":4},"end":{"line":349,"column":34}},"124":{"start":{"line":351,"column":4},"end":{"line":351,"column":71}},"125":{"start":{"line":351,"column":21},"end":{"line":351,"column":71}},"126":{"start":{"line":352,"column":4},"end":{"line":352,"column":16}},"127":{"start":{"line":328,"column":13},"end":{"line":328,"column":35}}},"fnMap":{"0":{"name":"(anonymous_1)","decl":{"start":{"line":35,"column":35},"end":{"line":35,"column":40}},"loc":{"start":{"line":39,"column":19},"end":{"line":93,"column":1}}},"1":{"name":"(anonymous_2)","decl":{"start":{"line":73,"column":18},"end":{"line":73,"column":19}},"loc":{"start":{"line":74,"column":8},"end":{"line":76,"column":null}}},"2":{"name":"(anonymous_3)","decl":{"start":{"line":105,"column":36},"end":{"line":105,"column":41}},"loc":{"start":{"line":109,"column":19},"end":{"line":121,"column":1}}},"3":{"name":"(anonymous_4)","decl":{"start":{"line":133,"column":36},"end":{"line":133,"column":41}},"loc":{"start":{"line":137,"column":19},"end":{"line":144,"column":1}}},"4":{"name":"(anonymous_5)","decl":{"start":{"line":156,"column":35},"end":{"line":156,"column":40}},"loc":{"start":{"line":160,"column":19},"end":{"line":187,"column":1}}},"5":{"name":"(anonymous_6)","decl":{"start":{"line":199,"column":35},"end":{"line":199,"column":40}},"loc":{"start":{"line":203,"column":19},"end":{"line":230,"column":1}}},"6":{"name":"(anonymous_7)","decl":{"start":{"line":244,"column":39},"end":{"line":244,"column":44}},"loc":{"start":{"line":248,"column":19},"end":{"line":275,"column":1}}},"7":{"name":"(anonymous_8)","decl":{"start":{"line":256,"column":36},"end":{"line":256,"column":37}},"loc":{"start":{"line":256,"column":43},"end":{"line":256,"column":54}}},"8":{"name":"(anonymous_9)","decl":{"start":{"line":263,"column":46},"end":{"line":263,"column":47}},"loc":{"start":{"line":263,"column":53},"end":{"line":263,"column":64}}},"9":{"name":"(anonymous_10)","decl":{"start":{"line":266,"column":32},"end":{"line":266,"column":33}},"loc":{"start":{"line":266,"column":46},"end":{"line":269,"column":6}}},"10":{"name":"(anonymous_11)","decl":{"start":{"line":287,"column":39},"end":{"line":287,"column":44}},"loc":{"start":{"line":291,"column":19},"end":{"line":316,"column":1}}},"11":{"name":"(anonymous_12)","decl":{"start":{"line":328,"column":35},"end":{"line":328,"column":40}},"loc":{"start":{"line":332,"column":19},"end":{"line":354,"column":1}}}},"branchMap":{"0":{"loc":{"start":{"line":48,"column":4},"end":{"line":48,"column":75}},"type":"if","locations":[{"start":{"line":48,"column":4},"end":{"line":48,"column":75}}]},"1":{"loc":{"start":{"line":49,"column":4},"end":{"line":50,"column":53}},"type":"if","locations":[{"start":{"line":49,"column":4},"end":{"line":50,"column":53}}]},"2":{"loc":{"start":{"line":49,"column":8},"end":{"line":49,"column":40}},"type":"binary-expr","locations":[{"start":{"line":49,"column":8},"end":{"line":49,"column":16}},{"start":{"line":49,"column":20},"end":{"line":49,"column":40}}]},"3":{"loc":{"start":{"line":51,"column":4},"end":{"line":52,"column":57}},"type":"if","locations":[{"start":{"line":51,"column":4},"end":{"line":52,"column":57}}]},"4":{"loc":{"start":{"line":90,"column":4},"end":{"line":90,"column":71}},"type":"if","locations":[{"start":{"line":90,"column":4},"end":{"line":90,"column":71}}]},"5":{"loc":{"start":{"line":114,"column":4},"end":{"line":115,"column":72}},"type":"if","locations":[{"start":{"line":114,"column":4},"end":{"line":115,"column":72}}]},"6":{"loc":{"start":{"line":175,"column":4},"end":{"line":178,"column":5}},"type":"if","locations":[{"start":{"line":175,"column":4},"end":{"line":178,"column":5}}]},"7":{"loc":{"start":{"line":184,"column":4},"end":{"line":184,"column":71}},"type":"if","locations":[{"start":{"line":184,"column":4},"end":{"line":184,"column":71}}]},"8":{"loc":{"start":{"line":218,"column":4},"end":{"line":221,"column":5}},"type":"if","locations":[{"start":{"line":218,"column":4},"end":{"line":221,"column":5}}]},"9":{"loc":{"start":{"line":227,"column":4},"end":{"line":227,"column":71}},"type":"if","locations":[{"start":{"line":227,"column":4},"end":{"line":227,"column":71}}]},"10":{"loc":{"start":{"line":304,"column":4},"end":{"line":307,"column":5}},"type":"if","locations":[{"start":{"line":304,"column":4},"end":{"line":307,"column":5}}]},"11":{"loc":{"start":{"line":313,"column":4},"end":{"line":313,"column":71}},"type":"if","locations":[{"start":{"line":313,"column":4},"end":{"line":313,"column":71}}]},"12":{"loc":{"start":{"line":342,"column":4},"end":{"line":345,"column":5}},"type":"if","locations":[{"start":{"line":342,"column":4},"end":{"line":345,"column":5}}]},"13":{"loc":{"start":{"line":351,"column":4},"end":{"line":351,"column":71}},"type":"if","locations":[{"start":{"line":351,"column":4},"end":{"line":351,"column":71}}]}},"s":{"0":1,"1":1,"2":1,"3":1,"4":1,"5":1,"6":1,"7":1,"8":1,"9":1,"10":1,"11":1,"12":1,"13":1,"14":1,"15":5,"16":5,"17":5,"18":5,"19":5,"20":5,"21":1,"22":4,"23":1,"24":3,"25":1,"26":2,"27":1,"28":1,"29":1,"30":2,"31":1,"32":1,"33":4,"34":4,"35":4,"36":1,"37":1,"38":3,"39":3,"40":3,"41":2,"42":1,"43":1,"44":2,"45":1,"46":1,"47":2,"48":2,"49":1,"50":1,"51":1,"52":1,"53":3,"54":3,"55":3,"56":3,"57":3,"58":3,"59":2,"60":1,"61":1,"62":1,"63":1,"64":2,"65":2,"66":2,"67":1,"68":1,"69":3,"70":3,"71":3,"72":3,"73":3,"74":2,"75":2,"76":1,"77":1,"78":1,"79":1,"80":2,"81":2,"82":2,"83":1,"84":1,"85":3,"86":3,"87":3,"88":2,"89":2,"90":2,"91":2,"92":1,"93":2,"94":2,"95":2,"96":1,"97":1,"98":1,"99":3,"100":3,"101":3,"102":3,"103":3,"104":2,"105":1,"106":1,"107":1,"108":1,"109":2,"110":2,"111":2,"112":1,"113":1,"114":3,"115":3,"116":3,"117":3,"118":3,"119":2,"120":1,"121":1,"122":1,"123":1,"124":2,"125":2,"126":2,"127":1},"f":{"0":5,"1":2,"2":3,"3":2,"4":3,"5":3,"6":3,"7":2,"8":1,"9":2,"10":3,"11":3},"b":{"0":[1],"1":[1],"2":[4,4],"3":[1],"4":[4],"5":[1],"6":[1],"7":[2],"8":[1],"9":[2],"10":[1],"11":[2],"12":[1],"13":[2]}}
,"/usr/src/app/src/controllers/comment.controller.ts": {"path":"/usr/src/app/src/controllers/comment.controller.ts","statementMap":{"0":{"start":{"line":2,"column":0},"end":{"line":2,"column":61}},"1":{"start":{"line":4,"column":16},"end":{"line":4,"column":36}},"2":{"start":{"line":6,"column":35},"end":{"line":18,"column":1}},"3":{"start":{"line":11,"column":2},"end":{"line":17,"column":3}},"4":{"start":{"line":12,"column":43},"end":{"line":12,"column":51}},"5":{"start":{"line":13,"column":20},"end":{"line":13,"column":79}},"6":{"start":{"line":14,"column":4},"end":{"line":14,"column":41}},"7":{"start":{"line":16,"column":4},"end":{"line":16,"column":16}},"8":{"start":{"line":6,"column":13},"end":{"line":6,"column":35}},"9":{"start":{"line":20,"column":41},"end":{"line":32,"column":1}},"10":{"start":{"line":25,"column":2},"end":{"line":31,"column":3}},"11":{"start":{"line":26,"column":26},"end":{"line":26,"column":36}},"12":{"start":{"line":27,"column":20},"end":{"line":27,"column":64}},"13":{"start":{"line":28,"column":4},"end":{"line":28,"column":41}},"14":{"start":{"line":30,"column":4},"end":{"line":30,"column":16}},"15":{"start":{"line":20,"column":13},"end":{"line":20,"column":41}},"16":{"start":{"line":34,"column":34},"end":{"line":48,"column":1}},"17":{"start":{"line":39,"column":2},"end":{"line":47,"column":3}},"18":{"start":{"line":40,"column":23},"end":{"line":40,"column":32}},"19":{"start":{"line":41,"column":21},"end":{"line":42,"column":null}},"20":{"start":{"line":44,"column":4},"end":{"line":44,"column":35}},"21":{"start":{"line":46,"column":4},"end":{"line":46,"column":16}},"22":{"start":{"line":34,"column":13},"end":{"line":34,"column":34}},"23":{"start":{"line":50,"column":36},"end":{"line":62,"column":1}},"24":{"start":{"line":55,"column":2},"end":{"line":61,"column":3}},"25":{"start":{"line":56,"column":19},"end":{"line":56,"column":29}},"26":{"start":{"line":57,"column":20},"end":{"line":57,"column":52}},"27":{"start":{"line":58,"column":4},"end":{"line":58,"column":41}},"28":{"start":{"line":60,"column":4},"end":{"line":60,"column":16}},"29":{"start":{"line":50,"column":13},"end":{"line":50,"column":36}},"30":{"start":{"line":64,"column":35},"end":{"line":76,"column":1}},"31":{"start":{"line":69,"column":2},"end":{"line":75,"column":3}},"32":{"start":{"line":70,"column":19},"end":{"line":70,"column":29}},"33":{"start":{"line":71,"column":20},"end":{"line":71,"column":51}},"34":{"start":{"line":72,"column":4},"end":{"line":72,"column":41}},"35":{"start":{"line":74,"column":4},"end":{"line":74,"column":16}},"36":{"start":{"line":64,"column":13},"end":{"line":64,"column":35}},"37":{"start":{"line":79,"column":2},"end":{"line":90,"column":3}},"38":{"start":{"line":80,"column":2},"end":{"line":90,"column":3}},"39":{"start":{"line":81,"column":4},"end":{"line":89,"column":5}},"40":{"start":{"line":82,"column":26},"end":{"line":82,"column":36}},"41":{"start":{"line":84,"column":23},"end":{"line":84,"column":74}},"42":{"start":{"line":86,"column":6},"end":{"line":86,"column":37}},"43":{"start":{"line":88,"column":6},"end":{"line":88,"column":18}},"44":{"start":{"line":78,"column":13},"end":{"line":78,"column":null}}},"fnMap":{"0":{"name":"(anonymous_0)","decl":{"start":{"line":6,"column":35},"end":{"line":6,"column":40}},"loc":{"start":{"line":10,"column":18},"end":{"line":18,"column":1}}},"1":{"name":"(anonymous_1)","decl":{"start":{"line":20,"column":41},"end":{"line":20,"column":46}},"loc":{"start":{"line":24,"column":18},"end":{"line":32,"column":1}}},"2":{"name":"(anonymous_2)","decl":{"start":{"line":34,"column":34},"end":{"line":34,"column":39}},"loc":{"start":{"line":38,"column":18},"end":{"line":48,"column":1}}},"3":{"name":"(anonymous_3)","decl":{"start":{"line":50,"column":36},"end":{"line":50,"column":41}},"loc":{"start":{"line":54,"column":18},"end":{"line":62,"column":1}}},"4":{"name":"(anonymous_4)","decl":{"start":{"line":64,"column":35},"end":{"line":64,"column":40}},"loc":{"start":{"line":68,"column":18},"end":{"line":76,"column":1}}},"5":{"name":"(anonymous_5)","decl":{"start":{"line":79,"column":2},"end":{"line":79,"column":3}},"loc":{"start":{"line":80,"column":2},"end":{"line":90,"column":3}}},"6":{"name":"(anonymous_6)","decl":{"start":{"line":80,"column":2},"end":{"line":80,"column":7}},"loc":{"start":{"line":80,"column":75},"end":{"line":90,"column":3}}}},"branchMap":{},"s":{"0":1,"1":1,"2":1,"3":2,"4":2,"5":2,"6":1,"7":1,"8":1,"9":1,"10":2,"11":2,"12":2,"13":1,"14":1,"15":1,"16":1,"17":1,"18":1,"19":1,"20":1,"21":0,"22":1,"23":1,"24":1,"25":1,"26":1,"27":1,"28":0,"29":1,"30":1,"31":1,"32":1,"33":1,"34":1,"35":0,"36":1,"37":1,"38":0,"39":0,"40":0,"41":0,"42":0,"43":0,"44":1},"f":{"0":2,"1":2,"2":1,"3":1,"4":1,"5":0,"6":0},"b":{}}
,"/usr/src/app/src/controllers/movie.controller.ts": {"path":"/usr/src/app/src/controllers/movie.controller.ts","statementMap":{"0":{"start":{"line":2,"column":0},"end":{"line":2,"column":57}},"1":{"start":{"line":5,"column":13},"end":{"line":5,"column":47}},"2":{"start":{"line":10,"column":33},"end":{"line":26,"column":1}},"3":{"start":{"line":15,"column":2},"end":{"line":25,"column":3}},"4":{"start":{"line":16,"column":22},"end":{"line":16,"column":30}},"5":{"start":{"line":17,"column":18},"end":{"line":17,"column":59}},"6":{"start":{"line":19,"column":4},"end":{"line":22,"column":7}},"7":{"start":{"line":24,"column":4},"end":{"line":24,"column":16}},"8":{"start":{"line":10,"column":13},"end":{"line":10,"column":33}},"9":{"start":{"line":31,"column":34},"end":{"line":47,"column":1}},"10":{"start":{"line":36,"column":2},"end":{"line":46,"column":3}},"11":{"start":{"line":37,"column":24},"end":{"line":37,"column":34}},"12":{"start":{"line":38,"column":18},"end":{"line":38,"column":58}},"13":{"start":{"line":40,"column":4},"end":{"line":43,"column":7}},"14":{"start":{"line":45,"column":4},"end":{"line":45,"column":16}},"15":{"start":{"line":31,"column":13},"end":{"line":31,"column":34}},"16":{"start":{"line":52,"column":34},"end":{"line":67,"column":1}},"17":{"start":{"line":57,"column":2},"end":{"line":66,"column":3}},"18":{"start":{"line":58,"column":19},"end":{"line":58,"column":52}},"19":{"start":{"line":60,"column":4},"end":{"line":63,"column":7}},"20":{"start":{"line":65,"column":4},"end":{"line":65,"column":16}},"21":{"start":{"line":52,"column":13},"end":{"line":52,"column":34}},"22":{"start":{"line":72,"column":33},"end":{"line":90,"column":1}},"23":{"start":{"line":77,"column":2},"end":{"line":89,"column":3}},"24":{"start":{"line":78,"column":24},"end":{"line":78,"column":34}},"25":{"start":{"line":79,"column":23},"end":{"line":79,"column":31}},"26":{"start":{"line":81,"column":25},"end":{"line":81,"column":76}},"27":{"start":{"line":83,"column":4},"end":{"line":86,"column":7}},"28":{"start":{"line":88,"column":4},"end":{"line":88,"column":16}},"29":{"start":{"line":72,"column":13},"end":{"line":72,"column":33}},"30":{"start":{"line":95,"column":33},"end":{"line":108,"column":1}},"31":{"start":{"line":100,"column":2},"end":{"line":107,"column":3}},"32":{"start":{"line":101,"column":24},"end":{"line":101,"column":34}},"33":{"start":{"line":102,"column":4},"end":{"line":102,"column":44}},"34":{"start":{"line":104,"column":4},"end":{"line":104,"column":27}},"35":{"start":{"line":106,"column":4},"end":{"line":106,"column":16}},"36":{"start":{"line":95,"column":13},"end":{"line":95,"column":33}},"37":{"start":{"line":113,"column":34},"end":{"line":147,"column":1}},"38":{"start":{"line":123,"column":2},"end":{"line":146,"column":3}},"39":{"start":{"line":124,"column":50},"end":{"line":124,"column":59}},"40":{"start":{"line":131,"column":8},"end":{"line":131,"column":10}},"41":{"start":{"line":133,"column":4},"end":{"line":133,"column":44}},"42":{"start":{"line":133,"column":15},"end":{"line":133,"column":44}},"43":{"start":{"line":134,"column":4},"end":{"line":134,"column":44}},"44":{"start":{"line":134,"column":15},"end":{"line":134,"column":44}},"45":{"start":{"line":135,"column":4},"end":{"line":135,"column":53}},"46":{"start":{"line":135,"column":18},"end":{"line":135,"column":53}},"47":{"start":{"line":136,"column":4},"end":{"line":136,"column":56}},"48":{"start":{"line":136,"column":19},"end":{"line":136,"column":56}},"49":{"start":{"line":138,"column":19},"end":{"line":138,"column":66}},"50":{"start":{"line":140,"column":4},"end":{"line":143,"column":7}},"51":{"start":{"line":145,"column":4},"end":{"line":145,"column":16}},"52":{"start":{"line":113,"column":13},"end":{"line":113,"column":34}}},"fnMap":{"0":{"name":"(anonymous_0)","decl":{"start":{"line":10,"column":33},"end":{"line":10,"column":38}},"loc":{"start":{"line":14,"column":19},"end":{"line":26,"column":1}}},"1":{"name":"(anonymous_1)","decl":{"start":{"line":31,"column":34},"end":{"line":31,"column":39}},"loc":{"start":{"line":35,"column":19},"end":{"line":47,"column":1}}},"2":{"name":"(anonymous_2)","decl":{"start":{"line":52,"column":34},"end":{"line":52,"column":39}},"loc":{"start":{"line":56,"column":19},"end":{"line":67,"column":1}}},"3":{"name":"(anonymous_3)","decl":{"start":{"line":72,"column":33},"end":{"line":72,"column":38}},"loc":{"start":{"line":76,"column":19},"end":{"line":90,"column":1}}},"4":{"name":"(anonymous_4)","decl":{"start":{"line":95,"column":33},"end":{"line":95,"column":38}},"loc":{"start":{"line":99,"column":19},"end":{"line":108,"column":1}}},"5":{"name":"(anonymous_5)","decl":{"start":{"line":113,"column":34},"end":{"line":113,"column":39}},"loc":{"start":{"line":122,"column":19},"end":{"line":147,"column":1}}}},"branchMap":{"0":{"loc":{"start":{"line":133,"column":4},"end":{"line":133,"column":44}},"type":"if","locations":[{"start":{"line":133,"column":4},"end":{"line":133,"column":44}}]},"1":{"loc":{"start":{"line":134,"column":4},"end":{"line":134,"column":44}},"type":"if","locations":[{"start":{"line":134,"column":4},"end":{"line":134,"column":44}}]},"2":{"loc":{"start":{"line":135,"column":4},"end":{"line":135,"column":53}},"type":"if","locations":[{"start":{"line":135,"column":4},"end":{"line":135,"column":53}}]},"3":{"loc":{"start":{"line":136,"column":4},"end":{"line":136,"column":56}},"type":"if","locations":[{"start":{"line":136,"column":4},"end":{"line":136,"column":56}}]}},"s":{"0":1,"1":1,"2":1,"3":2,"4":2,"5":2,"6":1,"7":1,"8":1,"9":1,"10":2,"11":2,"12":2,"13":1,"14":1,"15":1,"16":1,"17":2,"18":2,"19":1,"20":1,"21":1,"22":1,"23":2,"24":2,"25":2,"26":2,"27":1,"28":1,"29":1,"30":1,"31":2,"32":2,"33":2,"34":1,"35":1,"36":1,"37":1,"38":2,"39":2,"40":2,"41":2,"42":1,"43":2,"44":0,"45":2,"46":0,"47":2,"48":0,"49":2,"50":1,"51":1,"52":1},"f":{"0":2,"1":2,"2":2,"3":2,"4":2,"5":2},"b":{"0":[1],"1":[0],"2":[0],"3":[0]}}
,"/usr/src/app/src/controllers/movieHall.controller.ts": {"path":"/usr/src/app/src/controllers/movieHall.controller.ts","statementMap":{"0":{"start":{"line":2,"column":0},"end":{"line":2,"column":65}},"1":{"start":{"line":4,"column":25},"end":{"line":4,"column":47}},"2":{"start":{"line":9,"column":31},"end":{"line":23,"column":1}},"3":{"start":{"line":14,"column":2},"end":{"line":22,"column":3}},"4":{"start":{"line":15,"column":22},"end":{"line":15,"column":70}},"5":{"start":{"line":16,"column":4},"end":{"line":19,"column":7}},"6":{"start":{"line":21,"column":4},"end":{"line":21,"column":16}},"7":{"start":{"line":9,"column":13},"end":{"line":9,"column":31}},"8":{"start":{"line":28,"column":28},"end":{"line":44,"column":1}},"9":{"start":{"line":33,"column":2},"end":{"line":43,"column":3}},"10":{"start":{"line":34,"column":34},"end":{"line":34,"column":44}},"11":{"start":{"line":35,"column":22},"end":{"line":35,"column":76}},"12":{"start":{"line":37,"column":4},"end":{"line":40,"column":7}},"13":{"start":{"line":42,"column":4},"end":{"line":42,"column":16}},"14":{"start":{"line":28,"column":13},"end":{"line":28,"column":28}},"15":{"start":{"line":49,"column":32},"end":{"line":63,"column":1}},"16":{"start":{"line":54,"column":2},"end":{"line":62,"column":3}},"17":{"start":{"line":55,"column":23},"end":{"line":55,"column":64}},"18":{"start":{"line":56,"column":4},"end":{"line":59,"column":7}},"19":{"start":{"line":61,"column":4},"end":{"line":61,"column":16}},"20":{"start":{"line":49,"column":13},"end":{"line":49,"column":32}},"21":{"start":{"line":68,"column":33},"end":{"line":90,"column":1}},"22":{"start":{"line":73,"column":2},"end":{"line":89,"column":3}},"23":{"start":{"line":74,"column":34},"end":{"line":74,"column":44}},"24":{"start":{"line":75,"column":28},"end":{"line":75,"column":36}},"25":{"start":{"line":77,"column":29},"end":{"line":80,"column":null}},"26":{"start":{"line":83,"column":4},"end":{"line":86,"column":7}},"27":{"start":{"line":88,"column":4},"end":{"line":88,"column":16}},"28":{"start":{"line":68,"column":13},"end":{"line":68,"column":33}},"29":{"start":{"line":95,"column":31},"end":{"line":109,"column":1}},"30":{"start":{"line":100,"column":2},"end":{"line":108,"column":3}},"31":{"start":{"line":101,"column":34},"end":{"line":101,"column":44}},"32":{"start":{"line":103,"column":4},"end":{"line":103,"column":62}},"33":{"start":{"line":105,"column":4},"end":{"line":105,"column":27}},"34":{"start":{"line":107,"column":4},"end":{"line":107,"column":16}},"35":{"start":{"line":95,"column":13},"end":{"line":95,"column":31}}},"fnMap":{"0":{"name":"(anonymous_0)","decl":{"start":{"line":9,"column":31},"end":{"line":9,"column":36}},"loc":{"start":{"line":13,"column":19},"end":{"line":23,"column":1}}},"1":{"name":"(anonymous_1)","decl":{"start":{"line":28,"column":28},"end":{"line":28,"column":33}},"loc":{"start":{"line":32,"column":19},"end":{"line":44,"column":1}}},"2":{"name":"(anonymous_2)","decl":{"start":{"line":49,"column":32},"end":{"line":49,"column":37}},"loc":{"start":{"line":53,"column":19},"end":{"line":63,"column":1}}},"3":{"name":"(anonymous_3)","decl":{"start":{"line":68,"column":33},"end":{"line":68,"column":38}},"loc":{"start":{"line":72,"column":19},"end":{"line":90,"column":1}}},"4":{"name":"(anonymous_4)","decl":{"start":{"line":95,"column":31},"end":{"line":95,"column":36}},"loc":{"start":{"line":99,"column":19},"end":{"line":109,"column":1}}}},"branchMap":{},"s":{"0":2,"1":2,"2":2,"3":3,"4":3,"5":2,"6":1,"7":2,"8":2,"9":4,"10":4,"11":4,"12":2,"13":2,"14":2,"15":2,"16":3,"17":3,"18":2,"19":1,"20":2,"21":2,"22":4,"23":4,"24":4,"25":4,"26":2,"27":2,"28":2,"29":2,"30":4,"31":4,"32":4,"33":2,"34":2,"35":2},"f":{"0":3,"1":4,"2":3,"3":4,"4":4},"b":{}}
,"/usr/src/app/src/controllers/movieTheater.controller.ts": {"path":"/usr/src/app/src/controllers/movieTheater.controller.ts","statementMap":{"0":{"start":{"line":2,"column":0},"end":{"line":2,"column":71}},"1":{"start":{"line":4,"column":13},"end":{"line":4,"column":61}},"2":{"start":{"line":9,"column":34},"end":{"line":23,"column":1}},"3":{"start":{"line":14,"column":2},"end":{"line":22,"column":3}},"4":{"start":{"line":15,"column":25},"end":{"line":15,"column":79}},"5":{"start":{"line":16,"column":4},"end":{"line":19,"column":7}},"6":{"start":{"line":21,"column":4},"end":{"line":21,"column":16}},"7":{"start":{"line":9,"column":13},"end":{"line":9,"column":34}},"8":{"start":{"line":28,"column":35},"end":{"line":44,"column":1}},"9":{"start":{"line":33,"column":2},"end":{"line":43,"column":3}},"10":{"start":{"line":34,"column":26},"end":{"line":34,"column":36}},"11":{"start":{"line":36,"column":6},"end":{"line":36,"column":62}},"12":{"start":{"line":37,"column":4},"end":{"line":40,"column":7}},"13":{"start":{"line":42,"column":4},"end":{"line":42,"column":16}},"14":{"start":{"line":28,"column":13},"end":{"line":28,"column":35}},"15":{"start":{"line":49,"column":35},"end":{"line":63,"column":1}},"16":{"start":{"line":54,"column":2},"end":{"line":62,"column":3}},"17":{"start":{"line":55,"column":26},"end":{"line":55,"column":73}},"18":{"start":{"line":56,"column":4},"end":{"line":59,"column":7}},"19":{"start":{"line":61,"column":4},"end":{"line":61,"column":16}},"20":{"start":{"line":49,"column":13},"end":{"line":49,"column":35}},"21":{"start":{"line":68,"column":34},"end":{"line":86,"column":1}},"22":{"start":{"line":73,"column":2},"end":{"line":85,"column":3}},"23":{"start":{"line":74,"column":26},"end":{"line":74,"column":36}},"24":{"start":{"line":75,"column":32},"end":{"line":77,"column":null}},"25":{"start":{"line":79,"column":4},"end":{"line":82,"column":7}},"26":{"start":{"line":84,"column":4},"end":{"line":84,"column":16}},"27":{"start":{"line":68,"column":13},"end":{"line":68,"column":34}},"28":{"start":{"line":91,"column":34},"end":{"line":103,"column":1}},"29":{"start":{"line":96,"column":2},"end":{"line":102,"column":3}},"30":{"start":{"line":97,"column":26},"end":{"line":97,"column":36}},"31":{"start":{"line":98,"column":4},"end":{"line":98,"column":60}},"32":{"start":{"line":99,"column":4},"end":{"line":99,"column":27}},"33":{"start":{"line":101,"column":4},"end":{"line":101,"column":16}},"34":{"start":{"line":91,"column":13},"end":{"line":91,"column":34}}},"fnMap":{"0":{"name":"(anonymous_0)","decl":{"start":{"line":9,"column":34},"end":{"line":9,"column":39}},"loc":{"start":{"line":13,"column":19},"end":{"line":23,"column":1}}},"1":{"name":"(anonymous_1)","decl":{"start":{"line":28,"column":35},"end":{"line":28,"column":40}},"loc":{"start":{"line":32,"column":19},"end":{"line":44,"column":1}}},"2":{"name":"(anonymous_2)","decl":{"start":{"line":49,"column":35},"end":{"line":49,"column":40}},"loc":{"start":{"line":53,"column":19},"end":{"line":63,"column":1}}},"3":{"name":"(anonymous_3)","decl":{"start":{"line":68,"column":34},"end":{"line":68,"column":39}},"loc":{"start":{"line":72,"column":19},"end":{"line":86,"column":1}}},"4":{"name":"(anonymous_4)","decl":{"start":{"line":91,"column":34},"end":{"line":91,"column":39}},"loc":{"start":{"line":95,"column":19},"end":{"line":103,"column":1}}}},"branchMap":{},"s":{"0":1,"1":1,"2":1,"3":2,"4":2,"5":1,"6":1,"7":1,"8":1,"9":3,"10":3,"11":3,"12":1,"13":2,"14":1,"15":1,"16":2,"17":2,"18":1,"19":1,"20":1,"21":1,"22":3,"23":3,"24":3,"25":1,"26":2,"27":1,"28":1,"29":3,"30":3,"31":3,"32":1,"33":2,"34":1},"f":{"0":2,"1":3,"2":2,"3":3,"4":3},"b":{}}
,"/usr/src/app/src/controllers/screening.controller.ts": {"path":"/usr/src/app/src/controllers/screening.controller.ts","statementMap":{"0":{"start":{"line":2,"column":0},"end":{"line":2,"column":65}},"1":{"start":{"line":8,"column":13},"end":{"line":8,"column":55}},"2":{"start":{"line":18,"column":37},"end":{"line":33,"column":1}},"3":{"start":{"line":23,"column":2},"end":{"line":32,"column":3}},"4":{"start":{"line":24,"column":47},"end":{"line":24,"column":55}},"5":{"start":{"line":25,"column":22},"end":{"line":25,"column":75}},"6":{"start":{"line":26,"column":4},"end":{"line":29,"column":7}},"7":{"start":{"line":31,"column":4},"end":{"line":31,"column":16}},"8":{"start":{"line":18,"column":13},"end":{"line":18,"column":37}},"9":{"start":{"line":43,"column":38},"end":{"line":59,"column":1}},"10":{"start":{"line":48,"column":2},"end":{"line":58,"column":3}},"11":{"start":{"line":49,"column":28},"end":{"line":49,"column":38}},"12":{"start":{"line":50,"column":22},"end":{"line":50,"column":74}},"13":{"start":{"line":52,"column":4},"end":{"line":55,"column":7}},"14":{"start":{"line":57,"column":4},"end":{"line":57,"column":16}},"15":{"start":{"line":43,"column":13},"end":{"line":43,"column":38}},"16":{"start":{"line":69,"column":38},"end":{"line":84,"column":1}},"17":{"start":{"line":74,"column":2},"end":{"line":83,"column":3}},"18":{"start":{"line":75,"column":23},"end":{"line":75,"column":64}},"19":{"start":{"line":77,"column":4},"end":{"line":80,"column":7}},"20":{"start":{"line":82,"column":4},"end":{"line":82,"column":16}},"21":{"start":{"line":69,"column":13},"end":{"line":69,"column":38}},"22":{"start":{"line":94,"column":37},"end":{"line":114,"column":1}},"23":{"start":{"line":99,"column":2},"end":{"line":113,"column":3}},"24":{"start":{"line":100,"column":28},"end":{"line":100,"column":38}},"25":{"start":{"line":101,"column":53},"end":{"line":101,"column":61}},"26":{"start":{"line":102,"column":29},"end":{"line":104,"column":null}},"27":{"start":{"line":107,"column":4},"end":{"line":110,"column":7}},"28":{"start":{"line":112,"column":4},"end":{"line":112,"column":16}},"29":{"start":{"line":94,"column":13},"end":{"line":94,"column":37}},"30":{"start":{"line":124,"column":37},"end":{"line":136,"column":1}},"31":{"start":{"line":129,"column":2},"end":{"line":135,"column":3}},"32":{"start":{"line":130,"column":28},"end":{"line":130,"column":38}},"33":{"start":{"line":131,"column":4},"end":{"line":131,"column":56}},"34":{"start":{"line":132,"column":4},"end":{"line":132,"column":27}},"35":{"start":{"line":134,"column":4},"end":{"line":134,"column":16}},"36":{"start":{"line":124,"column":13},"end":{"line":124,"column":37}},"37":{"start":{"line":146,"column":38},"end":{"line":173,"column":1}},"38":{"start":{"line":151,"column":2},"end":{"line":172,"column":3}},"39":{"start":{"line":152,"column":35},"end":{"line":152,"column":44}},"40":{"start":{"line":154,"column":4},"end":{"line":159,"column":5}},"41":{"start":{"line":155,"column":6},"end":{"line":157,"column":9}},"42":{"start":{"line":158,"column":6},"end":{"line":158,"column":13}},"43":{"start":{"line":161,"column":23},"end":{"line":163,"column":null}},"44":{"start":{"line":166,"column":4},"end":{"line":169,"column":7}},"45":{"start":{"line":171,"column":4},"end":{"line":171,"column":16}},"46":{"start":{"line":146,"column":13},"end":{"line":146,"column":38}}},"fnMap":{"0":{"name":"(anonymous_0)","decl":{"start":{"line":18,"column":37},"end":{"line":18,"column":42}},"loc":{"start":{"line":22,"column":19},"end":{"line":33,"column":1}}},"1":{"name":"(anonymous_1)","decl":{"start":{"line":43,"column":38},"end":{"line":43,"column":43}},"loc":{"start":{"line":47,"column":19},"end":{"line":59,"column":1}}},"2":{"name":"(anonymous_2)","decl":{"start":{"line":69,"column":38},"end":{"line":69,"column":43}},"loc":{"start":{"line":73,"column":19},"end":{"line":84,"column":1}}},"3":{"name":"(anonymous_3)","decl":{"start":{"line":94,"column":37},"end":{"line":94,"column":42}},"loc":{"start":{"line":98,"column":19},"end":{"line":114,"column":1}}},"4":{"name":"(anonymous_4)","decl":{"start":{"line":124,"column":37},"end":{"line":124,"column":42}},"loc":{"start":{"line":128,"column":19},"end":{"line":136,"column":1}}},"5":{"name":"(anonymous_5)","decl":{"start":{"line":146,"column":38},"end":{"line":146,"column":43}},"loc":{"start":{"line":150,"column":19},"end":{"line":173,"column":1}}}},"branchMap":{"0":{"loc":{"start":{"line":154,"column":4},"end":{"line":159,"column":5}},"type":"if","locations":[{"start":{"line":154,"column":4},"end":{"line":159,"column":5}}]},"1":{"loc":{"start":{"line":154,"column":8},"end":{"line":154,"column":30}},"type":"binary-expr","locations":[{"start":{"line":154,"column":8},"end":{"line":154,"column":18}},{"start":{"line":154,"column":22},"end":{"line":154,"column":30}}]}},"s":{"0":2,"1":2,"2":2,"3":3,"4":3,"5":3,"6":2,"7":1,"8":2,"9":2,"10":3,"11":3,"12":3,"13":2,"14":1,"15":2,"16":2,"17":3,"18":3,"19":2,"20":1,"21":2,"22":2,"23":3,"24":3,"25":3,"26":3,"27":2,"28":1,"29":2,"30":2,"31":3,"32":3,"33":3,"34":2,"35":1,"36":2,"37":2,"38":4,"39":4,"40":4,"41":1,"42":1,"43":3,"44":2,"45":1,"46":2},"f":{"0":3,"1":3,"2":3,"3":3,"4":3,"5":4},"b":{"0":[1],"1":[4,4]}}
,"/usr/src/app/src/controllers/seatBooking.controller.ts": {"path":"/usr/src/app/src/controllers/seatBooking.controller.ts","statementMap":{"0":{"start":{"line":4,"column":0},"end":{"line":4,"column":69}},"1":{"start":{"line":8,"column":27},"end":{"line":8,"column":51}},"2":{"start":{"line":21,"column":39},"end":{"line":39,"column":1}},"3":{"start":{"line":26,"column":2},"end":{"line":38,"column":3}},"4":{"start":{"line":27,"column":51},"end":{"line":27,"column":59}},"5":{"start":{"line":28,"column":24},"end":{"line":29,"column":null}},"6":{"start":{"line":31,"column":4},"end":{"line":31,"column":38}},"7":{"start":{"line":33,"column":4},"end":{"line":33,"column":57}},"8":{"start":{"line":34,"column":4},"end":{"line":37,"column":7}},"9":{"start":{"line":21,"column":13},"end":{"line":21,"column":39}},"10":{"start":{"line":50,"column":54},"end":{"line":78,"column":1}},"11":{"start":{"line":55,"column":2},"end":{"line":77,"column":3}},"12":{"start":{"line":56,"column":36},"end":{"line":56,"column":46}},"13":{"start":{"line":58,"column":6},"end":{"line":60,"column":null}},"14":{"start":{"line":63,"column":4},"end":{"line":68,"column":5}},"15":{"start":{"line":64,"column":6},"end":{"line":66,"column":9}},"16":{"start":{"line":67,"column":6},"end":{"line":67,"column":13}},"17":{"start":{"line":70,"column":4},"end":{"line":70,"column":38}},"18":{"start":{"line":72,"column":4},"end":{"line":72,"column":57}},"19":{"start":{"line":73,"column":4},"end":{"line":76,"column":7}},"20":{"start":{"line":50,"column":13},"end":{"line":50,"column":54}},"21":{"start":{"line":89,"column":48},"end":{"line":108,"column":1}},"22":{"start":{"line":94,"column":2},"end":{"line":107,"column":3}},"23":{"start":{"line":95,"column":26},"end":{"line":95,"column":36}},"24":{"start":{"line":96,"column":25},"end":{"line":97,"column":null}},"25":{"start":{"line":100,"column":4},"end":{"line":100,"column":39}},"26":{"start":{"line":102,"column":4},"end":{"line":102,"column":71}},"27":{"start":{"line":103,"column":4},"end":{"line":106,"column":7}},"28":{"start":{"line":89,"column":13},"end":{"line":89,"column":48}},"29":{"start":{"line":119,"column":50},"end":{"line":138,"column":1}},"30":{"start":{"line":124,"column":2},"end":{"line":137,"column":3}},"31":{"start":{"line":125,"column":28},"end":{"line":125,"column":38}},"32":{"start":{"line":126,"column":25},"end":{"line":127,"column":null}},"33":{"start":{"line":130,"column":4},"end":{"line":130,"column":39}},"34":{"start":{"line":132,"column":4},"end":{"line":132,"column":73}},"35":{"start":{"line":133,"column":4},"end":{"line":136,"column":7}},"36":{"start":{"line":119,"column":13},"end":{"line":119,"column":50}},"37":{"start":{"line":149,"column":39},"end":{"line":176,"column":1}},"38":{"start":{"line":154,"column":2},"end":{"line":175,"column":3}},"39":{"start":{"line":155,"column":36},"end":{"line":155,"column":46}},"40":{"start":{"line":156,"column":20},"end":{"line":158,"column":null}},"41":{"start":{"line":161,"column":4},"end":{"line":166,"column":5}},"42":{"start":{"line":162,"column":6},"end":{"line":164,"column":9}},"43":{"start":{"line":165,"column":6},"end":{"line":165,"column":13}},"44":{"start":{"line":168,"column":4},"end":{"line":168,"column":27}},"45":{"start":{"line":170,"column":4},"end":{"line":170,"column":57}},"46":{"start":{"line":171,"column":4},"end":{"line":174,"column":7}},"47":{"start":{"line":149,"column":13},"end":{"line":149,"column":39}}},"fnMap":{"0":{"name":"(anonymous_0)","decl":{"start":{"line":21,"column":39},"end":{"line":21,"column":44}},"loc":{"start":{"line":25,"column":19},"end":{"line":39,"column":1}}},"1":{"name":"(anonymous_1)","decl":{"start":{"line":50,"column":54},"end":{"line":50,"column":59}},"loc":{"start":{"line":54,"column":19},"end":{"line":78,"column":1}}},"2":{"name":"(anonymous_2)","decl":{"start":{"line":89,"column":48},"end":{"line":89,"column":53}},"loc":{"start":{"line":93,"column":19},"end":{"line":108,"column":1}}},"3":{"name":"(anonymous_3)","decl":{"start":{"line":119,"column":50},"end":{"line":119,"column":55}},"loc":{"start":{"line":123,"column":19},"end":{"line":138,"column":1}}},"4":{"name":"(anonymous_4)","decl":{"start":{"line":149,"column":39},"end":{"line":149,"column":44}},"loc":{"start":{"line":153,"column":19},"end":{"line":176,"column":1}}}},"branchMap":{"0":{"loc":{"start":{"line":63,"column":4},"end":{"line":68,"column":5}},"type":"if","locations":[{"start":{"line":63,"column":4},"end":{"line":68,"column":5}}]},"1":{"loc":{"start":{"line":161,"column":4},"end":{"line":166,"column":5}},"type":"if","locations":[{"start":{"line":161,"column":4},"end":{"line":166,"column":5}}]}},"s":{"0":2,"1":2,"2":2,"3":7,"4":7,"5":7,"6":4,"7":3,"8":3,"9":2,"10":2,"11":6,"12":6,"13":6,"14":5,"15":3,"16":3,"17":2,"18":1,"19":1,"20":2,"21":2,"22":6,"23":6,"24":6,"25":5,"26":1,"27":1,"28":2,"29":2,"30":4,"31":4,"32":4,"33":3,"34":1,"35":1,"36":2,"37":2,"38":5,"39":5,"40":5,"41":4,"42":2,"43":2,"44":2,"45":1,"46":1,"47":2},"f":{"0":7,"1":6,"2":6,"3":4,"4":5},"b":{"0":[3],"1":[2]}}
,"/usr/src/app/src/controllers/user.controller.ts": {"path":"/usr/src/app/src/controllers/user.controller.ts","statementMap":{"0":{"start":{"line":3,"column":0},"end":{"line":3,"column":51}},"1":{"start":{"line":4,"column":0},"end":{"line":4,"column":55}},"2":{"start":{"line":5,"column":0},"end":{"line":5,"column":73}},"3":{"start":{"line":6,"column":0},"end":{"line":6,"column":57}},"4":{"start":{"line":9,"column":13},"end":{"line":9,"column":45}},"5":{"start":{"line":10,"column":13},"end":{"line":10,"column":45}},"6":{"start":{"line":11,"column":13},"end":{"line":11,"column":63}},"7":{"start":{"line":12,"column":13},"end":{"line":12,"column":47}},"8":{"start":{"line":18,"column":2},"end":{"line":37,"column":3}},"9":{"start":{"line":19,"column":2},"end":{"line":37,"column":3}},"10":{"start":{"line":20,"column":4},"end":{"line":36,"column":5}},"11":{"start":{"line":21,"column":44},"end":{"line":21,"column":52}},"12":{"start":{"line":22,"column":19},"end":{"line":22,"column":74}},"13":{"start":{"line":23,"column":6},"end":{"line":23,"column":56}},"14":{"start":{"line":24,"column":6},"end":{"line":24,"column":59}},"15":{"start":{"line":26,"column":20},"end":{"line":26,"column":51}},"16":{"start":{"line":28,"column":6},"end":{"line":33,"column":9}},"17":{"start":{"line":35,"column":6},"end":{"line":35,"column":18}},"18":{"start":{"line":17,"column":13},"end":{"line":17,"column":null}},"19":{"start":{"line":42,"column":29},"end":{"line":56,"column":1}},"20":{"start":{"line":47,"column":2},"end":{"line":55,"column":3}},"21":{"start":{"line":48,"column":17},"end":{"line":48,"column":61}},"22":{"start":{"line":49,"column":4},"end":{"line":52,"column":7}},"23":{"start":{"line":54,"column":4},"end":{"line":54,"column":16}},"24":{"start":{"line":42,"column":13},"end":{"line":42,"column":29}},"25":{"start":{"line":61,"column":32},"end":{"line":88,"column":1}},"26":{"start":{"line":66,"column":17},"end":{"line":66,"column":27}},"27":{"start":{"line":67,"column":26},"end":{"line":67,"column":34}},"28":{"start":{"line":69,"column":2},"end":{"line":74,"column":3}},"29":{"start":{"line":70,"column":4},"end":{"line":72,"column":69}},"30":{"start":{"line":73,"column":4},"end":{"line":73,"column":11}},"31":{"start":{"line":76,"column":2},"end":{"line":87,"column":3}},"32":{"start":{"line":77,"column":24},"end":{"line":77,"column":73}},"33":{"start":{"line":78,"column":18},"end":{"line":78,"column":56}},"34":{"start":{"line":80,"column":4},"end":{"line":84,"column":7}},"35":{"start":{"line":86,"column":4},"end":{"line":86,"column":16}},"36":{"start":{"line":61,"column":13},"end":{"line":61,"column":32}},"37":{"start":{"line":93,"column":36},"end":{"line":120,"column":1}},"38":{"start":{"line":98,"column":17},"end":{"line":98,"column":27}},"39":{"start":{"line":99,"column":43},"end":{"line":99,"column":51}},"40":{"start":{"line":101,"column":2},"end":{"line":106,"column":3}},"41":{"start":{"line":102,"column":4},"end":{"line":104,"column":75}},"42":{"start":{"line":105,"column":4},"end":{"line":105,"column":11}},"43":{"start":{"line":108,"column":2},"end":{"line":119,"column":3}},"44":{"start":{"line":109,"column":4},"end":{"line":109,"column":71}},"45":{"start":{"line":110,"column":24},"end":{"line":110,"column":57}},"46":{"start":{"line":111,"column":18},"end":{"line":111,"column":56}},"47":{"start":{"line":113,"column":4},"end":{"line":116,"column":7}},"48":{"start":{"line":118,"column":4},"end":{"line":118,"column":16}},"49":{"start":{"line":93,"column":13},"end":{"line":93,"column":36}},"50":{"start":{"line":125,"column":32},"end":{"line":136,"column":1}},"51":{"start":{"line":130,"column":2},"end":{"line":135,"column":3}},"52":{"start":{"line":131,"column":4},"end":{"line":131,"column":48}},"53":{"start":{"line":132,"column":4},"end":{"line":132,"column":27}},"54":{"start":{"line":134,"column":4},"end":{"line":134,"column":16}},"55":{"start":{"line":125,"column":13},"end":{"line":125,"column":32}},"56":{"start":{"line":141,"column":33},"end":{"line":172,"column":1}},"57":{"start":{"line":146,"column":25},"end":{"line":146,"column":34}},"58":{"start":{"line":147,"column":16},"end":{"line":147,"column":78}},"59":{"start":{"line":148,"column":17},"end":{"line":150,"column":7}},"60":{"start":{"line":152,"column":2},"end":{"line":155,"column":3}},"61":{"start":{"line":153,"column":4},"end":{"line":153,"column":65}},"62":{"start":{"line":154,"column":4},"end":{"line":154,"column":11}},"63":{"start":{"line":157,"column":2},"end":{"line":171,"column":3}},"64":{"start":{"line":158,"column":18},"end":{"line":158,"column":74}},"65":{"start":{"line":160,"column":4},"end":{"line":168,"column":7}},"66":{"start":{"line":170,"column":4},"end":{"line":170,"column":16}},"67":{"start":{"line":141,"column":13},"end":{"line":141,"column":33}}},"fnMap":{"0":{"name":"(anonymous_1)","decl":{"start":{"line":18,"column":2},"end":{"line":18,"column":3}},"loc":{"start":{"line":19,"column":2},"end":{"line":37,"column":3}}},"1":{"name":"(anonymous_2)","decl":{"start":{"line":19,"column":2},"end":{"line":19,"column":7}},"loc":{"start":{"line":19,"column":75},"end":{"line":37,"column":3}}},"2":{"name":"(anonymous_3)","decl":{"start":{"line":42,"column":29},"end":{"line":42,"column":34}},"loc":{"start":{"line":46,"column":19},"end":{"line":56,"column":1}}},"3":{"name":"(anonymous_4)","decl":{"start":{"line":61,"column":32},"end":{"line":61,"column":37}},"loc":{"start":{"line":65,"column":19},"end":{"line":88,"column":1}}},"4":{"name":"(anonymous_5)","decl":{"start":{"line":93,"column":36},"end":{"line":93,"column":41}},"loc":{"start":{"line":97,"column":19},"end":{"line":120,"column":1}}},"5":{"name":"(anonymous_6)","decl":{"start":{"line":125,"column":32},"end":{"line":125,"column":37}},"loc":{"start":{"line":129,"column":19},"end":{"line":136,"column":1}}},"6":{"name":"(anonymous_7)","decl":{"start":{"line":141,"column":33},"end":{"line":141,"column":38}},"loc":{"start":{"line":145,"column":19},"end":{"line":172,"column":1}}}},"branchMap":{"0":{"loc":{"start":{"line":69,"column":2},"end":{"line":74,"column":3}},"type":"if","locations":[{"start":{"line":69,"column":2},"end":{"line":74,"column":3}}]},"1":{"loc":{"start":{"line":69,"column":6},"end":{"line":69,"column":21}},"type":"binary-expr","locations":[{"start":{"line":69,"column":6},"end":{"line":69,"column":11}},{"start":{"line":69,"column":15},"end":{"line":69,"column":21}}]},"2":{"loc":{"start":{"line":101,"column":2},"end":{"line":106,"column":3}},"type":"if","locations":[{"start":{"line":101,"column":2},"end":{"line":106,"column":3}}]},"3":{"loc":{"start":{"line":101,"column":6},"end":{"line":101,"column":38}},"type":"binary-expr","locations":[{"start":{"line":101,"column":6},"end":{"line":101,"column":22}},{"start":{"line":101,"column":26},"end":{"line":101,"column":38}}]},"4":{"loc":{"start":{"line":147,"column":16},"end":{"line":147,"column":78}},"type":"cond-expr","locations":[{"start":{"line":147,"column":34},"end":{"line":147,"column":73}},{"start":{"line":147,"column":76},"end":{"line":147,"column":78}}]},"5":{"loc":{"start":{"line":148,"column":17},"end":{"line":150,"column":7}},"type":"cond-expr","locations":[{"start":{"line":149,"column":6},"end":{"line":149,"column":46}},{"start":{"line":150,"column":6},"end":{"line":150,"column":7}}]},"6":{"loc":{"start":{"line":152,"column":2},"end":{"line":155,"column":3}},"type":"if","locations":[{"start":{"line":152,"column":2},"end":{"line":155,"column":3}}]},"7":{"loc":{"start":{"line":152,"column":6},"end":{"line":152,"column":51}},"type":"binary-expr","locations":[{"start":{"line":152,"column":6},"end":{"line":152,"column":17}},{"start":{"line":152,"column":21},"end":{"line":152,"column":51}}]}},"s":{"0":1,"1":1,"2":1,"3":1,"4":1,"5":1,"6":1,"7":1,"8":1,"9":2,"10":2,"11":2,"12":2,"13":1,"14":1,"15":1,"16":1,"17":1,"18":1,"19":1,"20":2,"21":2,"22":1,"23":1,"24":1,"25":1,"26":3,"27":3,"28":3,"29":1,"30":1,"31":2,"32":2,"33":1,"34":1,"35":1,"36":1,"37":1,"38":3,"39":3,"40":3,"41":1,"42":1,"43":2,"44":2,"45":1,"46":1,"47":1,"48":1,"49":1,"50":1,"51":2,"52":2,"53":1,"54":1,"55":1,"56":1,"57":2,"58":2,"59":2,"60":2,"61":1,"62":1,"63":1,"64":1,"65":1,"66":0,"67":1},"f":{"0":2,"1":2,"2":2,"3":3,"4":3,"5":2,"6":2},"b":{"0":[1],"1":[3,1],"2":[1],"3":[3,2],"4":[0,2],"5":[0,2],"6":[1],"7":[2,1]}}
,"/usr/src/app/src/errors/AppError.ts": {"path":"/usr/src/app/src/errors/AppError.ts","statementMap":{"0":{"start":{"line":8,"column":4},"end":{"line":8,"column":19}},"1":{"start":{"line":4,"column":11},"end":{"line":4,"column":26}},"2":{"start":{"line":5,"column":11},"end":{"line":5,"column":32}},"3":{"start":{"line":6,"column":11},"end":{"line":6,"column":26}},"4":{"start":{"line":9,"column":4},"end":{"line":9,"column":21}},"5":{"start":{"line":10,"column":4},"end":{"line":10,"column":52}},"6":{"start":{"line":2,"column":0},"end":{"line":2,"column":13}}},"fnMap":{"0":{"name":"(anonymous_0)","decl":{"start":{"line":3,"column":2},"end":{"line":3,"column":null}},"loc":{"start":{"line":6,"column":36},"end":{"line":11,"column":3}}}},"branchMap":{"0":{"loc":{"start":{"line":5,"column":11},"end":{"line":5,"column":35}},"type":"default-arg","locations":[{"start":{"line":5,"column":32},"end":{"line":5,"column":35}}]},"1":{"loc":{"start":{"line":6,"column":11},"end":{"line":6,"column":36}},"type":"default-arg","locations":[{"start":{"line":6,"column":26},"end":{"line":6,"column":36}}]}},"s":{"0":0,"1":0,"2":0,"3":0,"4":0,"5":0,"6":0},"f":{"0":0},"b":{"0":[0],"1":[0]}}
,"/usr/src/app/src/errors/BadRequestError.ts": {"path":"/usr/src/app/src/errors/BadRequestError.ts","statementMap":{"0":{"start":{"line":5,"column":4},"end":{"line":5,"column":19}},"1":{"start":{"line":6,"column":4},"end":{"line":6,"column":34}},"2":{"start":{"line":7,"column":4},"end":{"line":7,"column":26}},"3":{"start":{"line":10,"column":4},"end":{"line":10,"column":59}},"4":{"start":{"line":1,"column":0},"end":{"line":1,"column":13}}},"fnMap":{"0":{"name":"(anonymous_0)","decl":{"start":{"line":4,"column":2},"end":{"line":4,"column":14}},"loc":{"start":{"line":4,"column":29},"end":{"line":11,"column":3}}}},"branchMap":{},"s":{"0":13,"1":13,"2":13,"3":13,"4":25},"f":{"0":13},"b":{}}
,"/usr/src/app/src/errors/ConflictError.ts": {"path":"/usr/src/app/src/errors/ConflictError.ts","statementMap":{"0":{"start":{"line":5,"column":4},"end":{"line":5,"column":19}},"1":{"start":{"line":6,"column":4},"end":{"line":6,"column":32}},"2":{"start":{"line":7,"column":4},"end":{"line":7,"column":26}},"3":{"start":{"line":10,"column":4},"end":{"line":10,"column":57}},"4":{"start":{"line":1,"column":0},"end":{"line":1,"column":13}}},"fnMap":{"0":{"name":"(anonymous_0)","decl":{"start":{"line":4,"column":2},"end":{"line":4,"column":14}},"loc":{"start":{"line":4,"column":29},"end":{"line":11,"column":3}}}},"branchMap":{},"s":{"0":2,"1":2,"2":2,"3":2,"4":16},"f":{"0":2},"b":{}}
,"/usr/src/app/src/errors/NotAuthorizedError.ts": {"path":"/usr/src/app/src/errors/NotAuthorizedError.ts","statementMap":{"0":{"start":{"line":5,"column":4},"end":{"line":5,"column":19}},"1":{"start":{"line":6,"column":4},"end":{"line":6,"column":37}},"2":{"start":{"line":7,"column":4},"end":{"line":7,"column":26}},"3":{"start":{"line":10,"column":4},"end":{"line":10,"column":62}},"4":{"start":{"line":1,"column":0},"end":{"line":1,"column":13}}},"fnMap":{"0":{"name":"(anonymous_0)","decl":{"start":{"line":4,"column":2},"end":{"line":4,"column":14}},"loc":{"start":{"line":4,"column":29},"end":{"line":11,"column":3}}}},"branchMap":{},"s":{"0":1,"1":1,"2":1,"3":1,"4":1},"f":{"0":1},"b":{}}
,"/usr/src/app/src/errors/NotFoundError.ts": {"path":"/usr/src/app/src/errors/NotFoundError.ts","statementMap":{"0":{"start":{"line":5,"column":4},"end":{"line":5,"column":19}},"1":{"start":{"line":6,"column":4},"end":{"line":6,"column":32}},"2":{"start":{"line":7,"column":4},"end":{"line":7,"column":26}},"3":{"start":{"line":10,"column":4},"end":{"line":10,"column":57}},"4":{"start":{"line":1,"column":0},"end":{"line":1,"column":13}}},"fnMap":{"0":{"name":"(anonymous_0)","decl":{"start":{"line":4,"column":2},"end":{"line":4,"column":14}},"loc":{"start":{"line":4,"column":29},"end":{"line":11,"column":3}}}},"branchMap":{},"s":{"0":38,"1":38,"2":38,"3":38,"4":28},"f":{"0":38},"b":{}}
,"/usr/src/app/src/middlewares/auth.middleware.ts": {"path":"/usr/src/app/src/middlewares/auth.middleware.ts","statementMap":{"0":{"start":{"line":38,"column":0},"end":{"line":38,"column":16}},"1":{"start":{"line":60,"column":0},"end":{"line":60,"column":16}},"2":{"start":{"line":4,"column":0},"end":{"line":4,"column":55}},"3":{"start":{"line":17,"column":13},"end":{"line":17,"column":45}},"4":{"start":{"line":25,"column":21},"end":{"line":25,"column":46}},"5":{"start":{"line":26,"column":2},"end":{"line":28,"column":3}},"6":{"start":{"line":27,"column":4},"end":{"line":27,"column":16}},"7":{"start":{"line":30,"column":16},"end":{"line":30,"column":40}},"8":{"start":{"line":31,"column":2},"end":{"line":31,"column":48}},"9":{"start":{"line":43,"column":18},"end":{"line":43,"column":38}},"10":{"start":{"line":45,"column":2},"end":{"line":50,"column":3}},"11":{"start":{"line":46,"column":4},"end":{"line":48,"column":79}},"12":{"start":{"line":49,"column":4},"end":{"line":49,"column":11}},"13":{"start":{"line":52,"column":2},"end":{"line":52,"column":21}},"14":{"start":{"line":53,"column":2},"end":{"line":53,"column":9}},"15":{"start":{"line":65,"column":18},"end":{"line":65,"column":38}},"16":{"start":{"line":66,"column":2},"end":{"line":68,"column":3}},"17":{"start":{"line":67,"column":4},"end":{"line":67,"column":23}},"18":{"start":{"line":69,"column":2},"end":{"line":69,"column":9}}},"fnMap":{"0":{"name":"getTokenPayload","decl":{"start":{"line":24,"column":9},"end":{"line":24,"column":24}},"loc":{"start":{"line":24,"column":37},"end":{"line":32,"column":1}}},"1":{"name":"authenticateJwt","decl":{"start":{"line":38,"column":16},"end":{"line":38,"column":31}},"loc":{"start":{"line":41,"column":20},"end":{"line":54,"column":1}}},"2":{"name":"optionalAuthentication","decl":{"start":{"line":60,"column":16},"end":{"line":60,"column":38}},"loc":{"start":{"line":63,"column":20},"end":{"line":70,"column":1}}}},"branchMap":{"0":{"loc":{"start":{"line":26,"column":2},"end":{"line":28,"column":3}},"type":"if","locations":[{"start":{"line":26,"column":2},"end":{"line":28,"column":3}}]},"1":{"loc":{"start":{"line":31,"column":9},"end":{"line":31,"column":47}},"type":"binary-expr","locations":[{"start":{"line":31,"column":9},"end":{"line":31,"column":39}},{"start":{"line":31,"column":43},"end":{"line":31,"column":47}}]},"2":{"loc":{"start":{"line":45,"column":2},"end":{"line":50,"column":3}},"type":"if","locations":[{"start":{"line":45,"column":2},"end":{"line":50,"column":3}}]},"3":{"loc":{"start":{"line":66,"column":2},"end":{"line":68,"column":3}},"type":"if","locations":[{"start":{"line":66,"column":2},"end":{"line":68,"column":3}}]}},"s":{"0":1,"1":1,"2":1,"3":1,"4":8,"5":8,"6":4,"7":4,"8":4,"9":4,"10":4,"11":3,"12":3,"13":1,"14":1,"15":4,"16":4,"17":1,"18":4},"f":{"0":8,"1":4,"2":4},"b":{"0":[4],"1":[4,2],"2":[3],"3":[1]}}
[...]
,"column":27}},"27":{"start":{"line":66,"column":18},"end":{"line":66,"column":26}},"28":{"start":{"line":67,"column":20},"end":{"line":67,"column":28}},"29":{"start":{"line":68,"column":17},"end":{"line":68,"column":25}},"30":{"start":{"line":69,"column":22},"end":{"line":69,"column":30}},"31":{"start":{"line":71,"column":2},"end":{"line":80,"column":5}},"32":{"start":{"line":82,"column":2},"end":{"line":89,"column":5}},"33":{"start":{"line":91,"column":2},"end":{"line":98,"column":5}},"34":{"start":{"line":100,"column":20},"end":{"line":107,"column":4}},"35":{"start":{"line":109,"column":2},"end":{"line":109,"column":51}},"36":{"start":{"line":114,"column":4},"end":{"line":114,"column":41}},"37":{"start":{"line":115,"column":2},"end":{"line":115,"column":76}},"38":{"start":{"line":119,"column":15},"end":{"line":124,"column":4}},"39":{"start":{"line":126,"column":24},"end":{"line":126,"column":61}},"40":{"start":{"line":128,"column":2},"end":{"line":128,"column":29}},"41":{"start":{"line":135,"column":2},"end":{"line":135,"column":75}},"42":{"start":{"line":136,"column":2},"end":{"line":136,"column":77}},"43":{"start":{"line":137,"column":2},"end":{"line":137,"column":77}},"44":{"start":{"line":138,"column":2},"end":{"line":138,"column":80}},"45":{"start":{"line":139,"column":2},"end":{"line":139,"column":73}},"46":{"start":{"line":140,"column":2},"end":{"line":140,"column":72}},"47":{"start":{"line":141,"column":2},"end":{"line":141,"column":79}}},"fnMap":{"0":{"name":"setupInMemoryDatabase","decl":{"start":{"line":19,"column":22},"end":{"line":19,"column":43}},"loc":{"start":{"line":19,"column":43},"end":{"line":37,"column":1}}},"1":{"name":"connectInMemoryMongo","decl":{"start":{"line":42,"column":22},"end":{"line":42,"column":42}},"loc":{"start":{"line":42,"column":42},"end":{"line":46,"column":1}}},"2":{"name":"disconnectInMemoryMongo","decl":{"start":{"line":51,"column":22},"end":{"line":51,"column":45}},"loc":{"start":{"line":51,"column":45},"end":{"line":55,"column":1}}},"3":{"name":"seedBaseScreeningDependencies","decl":{"start":{"line":60,"column":22},"end":{"line":60,"column":51}},"loc":{"start":{"line":60,"column":51},"end":{"line":110,"column":1}}},"4":{"name":"seedScreeningDependencies","decl":{"start":{"line":112,"column":22},"end":{"line":112,"column":47}},"loc":{"start":{"line":112,"column":47},"end":{"line":116,"column":1}}},"5":{"name":"seedBookingDependencies","decl":{"start":{"line":118,"column":22},"end":{"line":118,"column":45}},"loc":{"start":{"line":118,"column":45},"end":{"line":129,"column":1}}},"6":{"name":"resetTables","decl":{"start":{"line":134,"column":22},"end":{"line":134,"column":33}},"loc":{"start":{"line":134,"column":33},"end":{"line":142,"column":1}}}},"branchMap":{},"s":{"0":7,"1":7,"2":7,"3":7,"4":7,"5":7,"6":7,"7":7,"8":7,"9":7,"10":7,"11":7,"12":7,"13":7,"14":7,"15":7,"16":7,"17":7,"18":7,"19":7,"20":7,"21":3,"22":3,"23":3,"24":3,"25":3,"26":3,"27":64,"28":64,"29":64,"30":64,"31":64,"32":64,"33":64,"34":64,"35":64,"36":28,"37":28,"38":36,"39":36,"40":36,"41":71,"42":71,"43":71,"44":71,"45":71,"46":71,"47":71},"f":{"0":7,"1":3,"2":3,"3":64,"4":28,"5":36,"6":71},"b":{}}
,"/usr/src/app/src/validators/booking.validator.ts": {"path":"/usr/src/app/src/validators/booking.validator.ts","statementMap":{"0":{"start":{"line":2,"column":0},"end":{"line":2,"column":59}},"1":{"start":{"line":7,"column":13},"end":{"line":60,"column":2}},"2":{"start":{"line":33,"column":6},"end":{"line":33,"column":77}},"3":{"start":{"line":33,"column":33},"end":{"line":33,"column":77}},"4":{"start":{"line":34,"column":6},"end":{"line":36,"column":7}},"5":{"start":{"line":35,"column":8},"end":{"line":35,"column":65}},"6":{"start":{"line":37,"column":6},"end":{"line":37,"column":18}},"7":{"start":{"line":50,"column":19},"end":{"line":50,"column":40}},"8":{"start":{"line":51,"column":4},"end":{"line":57,"column":5}},"9":{"start":{"line":52,"column":6},"end":{"line":55,"column":9}},"10":{"start":{"line":56,"column":6},"end":{"line":56,"column":13}},"11":{"start":{"line":58,"column":4},"end":{"line":58,"column":11}}},"fnMap":{"0":{"name":"(anonymous_0)","decl":{"start":{"line":32,"column":12},"end":{"line":32,"column":13}},"loc":{"start":{"line":32,"column":31},"end":{"line":38,"column":5}}},"1":{"name":"(anonymous_1)","decl":{"start":{"line":49,"column":2},"end":{"line":49,"column":3}},"loc":{"start":{"line":49,"column":60},"end":{"line":59,"column":3}}}},"branchMap":{"0":{"loc":{"start":{"line":33,"column":6},"end":{"line":33,"column":77}},"type":"if","locations":[{"start":{"line":33,"column":6},"end":{"line":33,"column":77}}]},"1":{"loc":{"start":{"line":34,"column":6},"end":{"line":36,"column":7}},"type":"if","locations":[{"start":{"line":34,"column":6},"end":{"line":36,"column":7}}]},"2":{"loc":{"start":{"line":51,"column":4},"end":{"line":57,"column":5}},"type":"if","locations":[{"start":{"line":51,"column":4},"end":{"line":57,"column":5}}]}},"s":{"0":1,"1":1,"2":5,"3":0,"4":5,"5":2,"6":3,"7":6,"8":6,"9":5,"10":5,"11":1},"f":{"0":5,"1":6},"b":{"0":[0],"1":[2],"2":[5]}}
,"/usr/src/app/src/validators/comment.validator.ts": {"path":"/usr/src/app/src/validators/comment.validator.ts","statementMap":{"0":{"start":{"line":1,"column":0},"end":{"line":1,"column":55}},"1":{"start":{"line":3,"column":13},"end":{"line":19,"column":2}},"2":{"start":{"line":21,"column":13},"end":{"line":23,"column":2}},"3":{"start":{"line":25,"column":13},"end":{"line":27,"column":2}},"4":{"start":{"line":29,"column":13},"end":{"line":34,"column":2}}},"fnMap":{},"branchMap":{},"s":{"0":0,"1":0,"2":0,"3":0,"4":0},"f":{},"b":{}}
,"/usr/src/app/src/validators/hall.validator.ts": {"path":"/usr/src/app/src/validators/hall.validator.ts","statementMap":{"0":{"start":{"line":1,"column":0},"end":{"line":1,"column":48}},"1":{"start":{"line":4,"column":20},"end":{"line":4,"column":37}},"2":{"start":{"line":7,"column":13},"end":{"line":33,"column":2}},"3":{"start":{"line":13,"column":6},"end":{"line":17,"column":7}},"4":{"start":{"line":14,"column":8},"end":{"line":16,"column":10}},"5":{"start":{"line":18,"column":6},"end":{"line":18,"column":18}},"6":{"start":{"line":26,"column":6},"end":{"line":30,"column":7}},"7":{"start":{"line":27,"column":8},"end":{"line":29,"column":10}},"8":{"start":{"line":31,"column":6},"end":{"line":31,"column":18}},"9":{"start":{"line":36,"column":13},"end":{"line":98,"column":2}},"10":{"start":{"line":44,"column":6},"end":{"line":46,"column":7}},"11":{"start":{"line":45,"column":8},"end":{"line":45,"column":54}},"12":{"start":{"line":47,"column":6},"end":{"line":51,"column":7}},"13":{"start":{"line":48,"column":8},"end":{"line":50,"column":10}},"14":{"start":{"line":52,"column":6},"end":{"line":52,"column":18}},"15":{"start":{"line":62,"column":6},"end":{"line":64,"column":7}},"16":{"start":{"line":63,"column":8},"end":{"line":63,"column":51}},"17":{"start":{"line":65,"column":6},"end":{"line":69,"column":7}},"18":{"start":{"line":66,"column":8},"end":{"line":68,"column":10}},"19":{"start":{"line":70,"column":6},"end":{"line":70,"column":18}},"20":{"start":{"line":79,"column":6},"end":{"line":81,"column":7}},"21":{"start":{"line":80,"column":8},"end":{"line":80,"column":58}},"22":{"start":{"line":82,"column":20},"end":{"line":89,"column":null}},"23":{"start":{"line":84,"column":10},"end":{"line":88,"column":null}},"24":{"start":{"line":87,"column":14},"end":{"line":88,"column":65}},"25":{"start":{"line":91,"column":6},"end":{"line":95,"column":7}},"26":{"start":{"line":92,"column":8},"end":{"line":94,"column":10}},"27":{"start":{"line":96,"column":6},"end":{"line":96,"column":18}},"28":{"start":{"line":101,"column":13},"end":{"line":128,"column":2}},"29":{"start":{"line":109,"column":6},"end":{"line":111,"column":7}},"30":{"start":{"line":110,"column":8},"end":{"line":110,"column":58}},"31":{"start":{"line":112,"column":20},"end":{"line":119,"column":null}},"32":{"start":{"line":114,"column":10},"end":{"line":118,"column":null}},"33":{"start":{"line":117,"column":14},"end":{"line":118,"column":65}},"34":{"start":{"line":121,"column":6},"end":{"line":125,"column":7}},"35":{"start":{"line":122,"column":8},"end":{"line":124,"column":10}},"36":{"start":{"line":126,"column":6},"end":{"line":126,"column":18}}},"fnMap":{"0":{"name":"(anonymous_0)","decl":{"start":{"line":12,"column":12},"end":{"line":12,"column":13}},"loc":{"start":{"line":12,"column":22},"end":{"line":19,"column":5}}},"1":{"name":"(anonymous_1)","decl":{"start":{"line":25,"column":12},"end":{"line":25,"column":13}},"loc":{"start":{"line":25,"column":22},"end":{"line":32,"column":5}}},"2":{"name":"(anonymous_2)","decl":{"start":{"line":43,"column":12},"end":{"line":43,"column":13}},"loc":{"start":{"line":43,"column":22},"end":{"line":53,"column":5}}},"3":{"name":"(anonymous_3)","decl":{"start":{"line":61,"column":12},"end":{"line":61,"column":13}},"loc":{"start":{"line":61,"column":22},"end":{"line":71,"column":5}}},"4":{"name":"(anonymous_4)","decl":{"start":{"line":78,"column":12},"end":{"line":78,"column":13}},"loc":{"start":{"line":78,"column":23},"end":{"line":97,"column":5}}},"5":{"name":"(anonymous_5)","decl":{"start":{"line":83,"column":8},"end":{"line":83,"column":9}},"loc":{"start":{"line":84,"column":10},"end":{"line":88,"column":null}}},"6":{"name":"(anonymous_6)","decl":{"start":{"line":86,"column":12},"end":{"line":86,"column":13}},"loc":{"start":{"line":87,"column":14},"end":{"line":88,"column":65}}},"7":{"name":"(anonymous_7)","decl":{"start":{"line":108,"column":12},"end":{"line":108,"column":13}},"loc":{"start":{"line":108,"column":23},"end":{"line":127,"column":5}}},"8":{"name":"(anonymous_8)","decl":{"start":{"line":113,"column":8},"end":{"line":113,"column":9}},"loc":{"start":{"line":114,"column":10},"end":{"line":118,"column":null}}},"9":{"name":"(anonymous_9)","decl":{"start":{"line":116,"column":12},"end":{"line":116,"column":13}},"loc":{"start":{"line":117,"column":14},"end":{"line":118,"column":65}}}},"branchMap":{"0":{"loc":{"start":{"line":13,"column":6},"end":{"line":17,"column":7}},"type":"if","locations":[{"start":{"line":13,"column":6},"end":{"line":17,"column":7}}]},"1":{"loc":{"start":{"line":26,"column":6},"end":{"line":30,"column":7}},"type":"if","locations":[{"start":{"line":26,"column":6},"end":{"line":30,"column":7}}]},"2":{"loc":{"start":{"line":44,"column":6},"end":{"line":46,"column":7}},"type":"if","locations":[{"start":{"line":44,"column":6},"end":{"line":46,"column":7}}]},"3":{"loc":{"start":{"line":47,"column":6},"end":{"line":51,"column":7}},"type":"if","locations":[{"start":{"line":47,"column":6},"end":{"line":51,"column":7}}]},"4":{"loc":{"start":{"line":62,"column":6},"end":{"line":64,"column":7}},"type":"if","locations":[{"start":{"line":62,"column":6},"end":{"line":64,"column":7}}]},"5":{"loc":{"start":{"line":65,"column":6},"end":{"line":69,"column":7}},"type":"if","locations":[{"start":{"line":65,"column":6},"end":{"line":69,"column":7}}]},"6":{"loc":{"start":{"line":79,"column":6},"end":{"line":81,"column":7}},"type":"if","locations":[{"start":{"line":79,"column":6},"end":{"line":81,"column":7}}]},"7":{"loc":{"start":{"line":84,"column":10},"end":{"line":88,"column":null}},"type":"binary-expr","locations":[{"start":{"line":84,"column":10},"end":{"line":84,"column":28}},{"start":{"line":85,"column":10},"end":{"line":88,"column":null}}]},"8":{"loc":{"start":{"line":87,"column":14},"end":{"line":88,"column":65}},"type":"binary-expr","locations":[{"start":{"line":87,"column":14},"end":{"line":87,"column":38}},{"start":{"line":88,"column":15},"end":{"line":88,"column":39}},{"start":{"line":88,"column":43},"end":{"line":88,"column":64}}]},"9":{"loc":{"start":{"line":91,"column":6},"end":{"line":95,"column":7}},"type":"if","locations":[{"start":{"line":91,"column":6},"end":{"line":95,"column":7}}]},"10":{"loc":{"start":{"line":109,"column":6},"end":{"line":111,"column":7}},"type":"if","locations":[{"start":{"line":109,"column":6},"end":{"line":111,"column":7}}]},"11":{"loc":{"start":{"line":114,"column":10},"end":{"line":118,"column":null}},"type":"binary-expr","locations":[{"start":{"line":114,"column":10},"end":{"line":114,"column":28}},{"start":{"line":115,"column":10},"end":{"line":118,"column":null}}]},"12":{"loc":{"start":{"line":117,"column":14},"end":{"line":118,"column":65}},"type":"binary-expr","locations":[{"start":{"line":117,"column":14},"end":{"line":117,"column":38}},{"start":{"line":118,"column":15},"end":{"line":118,"column":39}},{"start":{"line":118,"column":43},"end":{"line":118,"column":64}}]},"13":{"loc":{"start":{"line":121,"column":6},"end":{"line":125,"column":7}},"type":"if","locations":[{"start":{"line":121,"column":6},"end":{"line":125,"column":7}}]}},"s":{"0":1,"1":1,"2":1,"3":10,"4":4,"5":6,"6":10,"7":1,"8":9,"9":1,"10":5,"11":0,"12":5,"13":3,"14":2,"15":5,"16":0,"17":5,"18":0,"19":5,"20":5,"21":2,"22":3,"23":3,"24":9,"25":3,"26":0,"27":3,"28":1,"29":4,"30":2,"31":2,"32":2,"33":4,"34":2,"35":0,"36":2},"f":{"0":10,"1":10,"2":5,"3":5,"4":5,"5":3,"6":9,"7":4,"8":2,"9":4},"b":{"0":[4],"1":[1],"2":[0],"3":[3],"4":[0],"5":[0],"6":[2],"7":[3,3],"8":[9,9,9],"9":[0],"10":[2],"11":[2,2],"12":[4,4,4],"13":[0]}}
,"/usr/src/app/src/validators/movie.validator.ts": {"path":"/usr/src/app/src/validators/movie.validator.ts","statementMap":{"0":{"start":{"line":1,"column":0},"end":{"line":1,"column":55}},"1":{"start":{"line":6,"column":13},"end":{"line":67,"column":2}},"2":{"start":{"line":72,"column":13},"end":{"line":126,"column":2}},"3":{"start":{"line":131,"column":13},"end":{"line":137,"column":2}},"4":{"start":{"line":142,"column":13},"end":{"line":168,"column":2}}},"fnMap":{},"branchMap":{},"s":{"0":2,"1":2,"2":2,"3":2,"4":2},"f":{},"b":{}}
,"/usr/src/app/src/validators/movieHall.validator.ts": {"path":"/usr/src/app/src/validators/movieHall.validator.ts","statementMap":{"0":{"start":{"line":1,"column":0},"end":{"line":1,"column":48}},"1":{"start":{"line":6,"column":13},"end":{"line":45,"column":2}},"2":{"start":{"line":27,"column":6},"end":{"line":27,"column":47}},"3":{"start":{"line":27,"column":34},"end":{"line":27,"column":47}},"4":{"start":{"line":28,"column":6},"end":{"line":39,"column":7}},"5":{"start":{"line":29,"column":8},"end":{"line":29,"column":46}},"6":{"start":{"line":29,"column":33},"end":{"line":29,"column":46}},"7":{"start":{"line":30,"column":8},"end":{"line":38,"column":9}},"8":{"start":{"line":31,"column":10},"end":{"line":37,"column":11}},"9":{"start":{"line":36,"column":12},"end":{"line":36,"column":25}},"10":{"start":{"line":40,"column":6},"end":{"line":40,"column":18}},"11":{"start":{"line":50,"column":13},"end":{"line":66,"column":2}},"12":{"start":{"line":71,"column":13},"end":{"line":97,"column":2}},"13":{"start":{"line":77,"column":6},"end":{"line":77,"column":47}},"14":{"start":{"line":77,"column":34},"end":{"line":77,"column":47}},"15":{"start":{"line":78,"column":6},"end":{"line":91,"column":7}},"16":{"start":{"line":79,"column":8},"end":{"line":79,"column":46}},"17":{"start":{"line":79,"column":33},"end":{"line":79,"column":46}},"18":{"start":{"line":80,"column":8},"end":{"line":90,"column":9}},"19":{"start":{"line":81,"column":10},"end":{"line":83,"column":11}},"20":{"start":{"line":82,"column":12},"end":{"line":82,"column":25}},"21":{"start":{"line":84,"column":10},"end":{"line":86,"column":11}},"22":{"start":{"line":85,"column":12},"end":{"line":85,"column":25}},"23":{"start":{"line":87,"column":10},"end":{"line":89,"column":11}},"24":{"start":{"line":88,"column":12},"end":{"line":88,"column":25}},"25":{"start":{"line":92,"column":6},"end":{"line":92,"column":18}}},"fnMap":{"0":{"name":"(anonymous_0)","decl":{"start":{"line":26,"column":12},"end":{"line":26,"column":13}},"loc":{"start":{"line":26,"column":23},"end":{"line":41,"column":5}}},"1":{"name":"(anonymous_1)","decl":{"start":{"line":76,"column":12},"end":{"line":76,"column":13}},"loc":{"start":{"line":76,"column":23},"end":{"line":93,"column":5}}}},"branchMap":{"0":{"loc":{"start":{"line":27,"column":6},"end":{"line":27,"column":47}},"type":"if","locations":[{"start":{"line":27,"column":6},"end":{"line":27,"column":47}}]},"1":{"loc":{"start":{"line":29,"column":8},"end":{"line":29,"column":46}},"type":"if","locations":[{"start":{"line":29,"column":8},"end":{"line":29,"column":46}}]},"2":{"loc":{"start":{"line":31,"column":10},"end":{"line":37,"column":11}},"type":"if","locations":[{"start":{"line":31,"column":10},"end":{"line":37,"column":11}}]},"3":{"loc":{"start":{"line":32,"column":12},"end":{"line":34,"column":28}},"type":"binary-expr","locations":[{"start":{"line":32,"column":12},"end":{"line":32,"column":36}},{"start":{"line":33,"column":12},"end":{"line":33,"column":30}},{"start":{"line":34,"column":12},"end":{"line":34,"column":28}}]},"4":{"loc":{"start":{"line":77,"column":6},"end":{"line":77,"column":47}},"type":"if","locations":[{"start":{"line":77,"column":6},"end":{"line":77,"column":47}}]},"5":{"loc":{"start":{"line":79,"column":8},"end":{"line":79,"column":46}},"type":"if","locations":[{"start":{"line":79,"column":8},"end":{"line":79,"column":46}}]},"6":{"loc":{"start":{"line":81,"column":10},"end":{"line":83,"column":11}},"type":"if","locations":[{"start":{"line":81,"column":10},"end":{"line":83,"column":11}}]},"7":{"loc":{"start":{"line":84,"column":10},"end":{"line":86,"column":11}},"type":"if","locations":[{"start":{"line":84,"column":10},"end":{"line":86,"column":11}}]},"8":{"loc":{"start":{"line":87,"column":10},"end":{"line":89,"column":11}},"type":"if","locations":[{"start":{"line":87,"column":10},"end":{"line":89,"column":11}}]}},"s":{"0":0,"1":0,"2":0,"3":0,"4":0,"5":0,"6":0,"7":0,"8":0,"9":0,"10":0,"11":0,"12":0,"13":0,"14":0,"15":0,"16":0,"17":0,"18":0,"19":0,"20":0,"21":0,"22":0,"23":0,"24":0,"25":0},"f":{"0":0,"1":0},"b":{"0":[0],"1":[0],"2":[0],"3":[0,0,0],"4":[0],"5":[0],"6":[0],"7":[0],"8":[0]}}
,"/usr/src/app/src/validators/movieTheater.validator.ts": {"path":"/usr/src/app/src/validators/movieTheater.validator.ts","statementMap":{"0":{"start":{"line":1,"column":0},"end":{"line":1,"column":41}},"1":{"start":{"line":3,"column":13},"end":{"line":17,"column":2}},"2":{"start":{"line":19,"column":13},"end":{"line":25,"column":2}}},"fnMap":{},"branchMap":{},"s":{"0":0,"1":0,"2":0},"f":{},"b":{}}
,"/usr/src/app/src/validators/screening.validator.ts": {"path":"/usr/src/app/src/validators/screening.validator.ts","statementMap":{"0":{"start":{"line":1,"column":0},"end":{"line":1,"column":55}},"1":{"start":{"line":4,"column":13},"end":{"line":11,"column":2}},"2":{"start":{"line":14,"column":13},"end":{"line":27,"column":2}},"3":{"start":{"line":30,"column":13},"end":{"line":53,"column":2}}},"fnMap":{},"branchMap":{},"s":{"0":1,"1":1,"2":1,"3":1},"f":{},"b":{}}
,"/usr/src/app/src/validators/user.validator.ts": {"path":"/usr/src/app/src/validators/user.validator.ts","statementMap":{"0":{"start":{"line":1,"column":0},"end":{"line":1,"column":55}},"1":{"start":{"line":3,"column":13},"end":{"line":21,"column":2}},"2":{"start":{"line":23,"column":13},"end":{"line":42,"column":2}},"3":{"start":{"line":37,"column":6},"end":{"line":39,"column":7}},"4":{"start":{"line":38,"column":8},"end":{"line":38,"column":60}},"5":{"start":{"line":40,"column":6},"end":{"line":40,"column":18}},"6":{"start":{"line":44,"column":13},"end":{"line":60,"column":2}},"7":{"start":{"line":62,"column":13},"end":{"line":73,"column":2}},"8":{"start":{"line":75,"column":13},"end":{"line":93,"column":2}},"9":{"start":{"line":98,"column":13},"end":{"line":104,"column":2}}},"fnMap":{"0":{"name":"(anonymous_0)","decl":{"start":{"line":36,"column":12},"end":{"line":36,"column":13}},"loc":{"start":{"line":36,"column":22},"end":{"line":41,"column":5}}}},"branchMap":{"0":{"loc":{"start":{"line":37,"column":6},"end":{"line":39,"column":7}},"type":"if","locations":[{"start":{"line":37,"column":6},"end":{"line":39,"column":7}}]}},"s":{"0":1,"1":1,"2":1,"3":5,"4":1,"5":4,"6":1,"7":1,"8":1,"9":1},"f":{"0":5},"b":{"0":[1]}}
}
