TN:
SF:src/server.ts
FN:13,(anonymous_1)
FNF:1
FNH:0
FNDA:0,(anonymous_1)
DA:1,0
DA:2,0
DA:3,0
DA:5,0
DA:6,0
DA:8,0
DA:10,0
DA:13,0
DA:14,0
LF:9
LH:0
BRF:0
BRH:0
end_of_record
TN:
SF:src/config/db.ts
FN:44,(anonymous_1)
FN:45,(anonymous_2)
FNF:2
FNH:0
FNDA:0,(anonymous_1)
FNDA:0,(anonymous_2)
DA:1,0
DA:2,0
DA:3,0
DA:4,0
DA:5,0
DA:6,0
DA:7,0
DA:8,0
DA:9,0
DA:10,0
DA:12,0
DA:15,0
DA:42,0
DA:44,0
DA:45,0
LF:15
LH:0
BRF:0
BRH:0
end_of_record
TN:
SF:src/config/swagger.ts
FN:24,setupSwagger
FN:29,(anonymous_2)
FNF:2
FNH:1
FNDA:1,setupSwagger
FNDA:0,(anonymous_2)
DA:1,1
DA:2,1
DA:4,1
DA:6,1
DA:22,1
DA:24,1
DA:25,1
DA:27,1
DA:29,1
DA:30,0
DA:31,0
DA:34,1
DA:35,1
LF:13
LH:11
BRF:0
BRH:0
end_of_record
TN:
SF:src/controllers/auth.controller.ts
FN:13,handleLogin
FN:42,handleVerifyToken
FN:78,handleRefreshToken
FNF:3
FNH:3
FNDA:3,handleLogin
FNDA:3,handleVerifyToken
FNDA:4,handleRefreshToken
DA:3,3
DA:6,3
DA:13,3
DA:14,3
DA:16,3
DA:18,3
DA:21,2
DA:22,1
DA:26,1
DA:32,1
DA:33,1
DA:42,3
DA:46,3
DA:49,3
DA:50,1
DA:53,2
DA:55,2
DA:58,2
DA:59,1
DA:63,1
DA:68,0
DA:69,0
DA:78,3
DA:82,4
DA:85,4
DA:86,1
DA:89,3
DA:91,3
DA:94,2
DA:95,1
DA:99,1
DA:105,1
DA:106,1
LF:33
LH:31
BRDA:21,0,0,1
BRDA:49,1,0,1
BRDA:58,2,0,1
BRDA:85,3,0,1
BRDA:94,4,0,1
BRF:5
BRH:5
end_of_record
TN:
SF:src/controllers/autorization.controller.ts
FN:13,(anonymous_1)
FN:36,(anonymous_2)
FN:37,(anonymous_3)
FN:68,(anonymous_4)
FNF:4
FNH:4
FNDA:3,(anonymous_1)
FNDA:1,(anonymous_2)
FNDA:3,(anonymous_3)
FNDA:3,(anonymous_4)
DA:2,1
DA:4,1
DA:6,1
DA:8,1
DA:13,1
DA:14,3
DA:16,3
DA:17,3
DA:19,2
DA:20,1
DA:25,1
DA:27,1
DA:28,1
DA:35,1
DA:36,1
DA:37,1
DA:38,3
DA:39,3
DA:41,3
DA:42,1
DA:45,1
DA:48,2
DA:51,1
DA:60,1
DA:61,1
DA:68,1
DA:69,3
DA:70,3
DA:72,3
DA:77,1
DA:80,2
DA:81,2
DA:85,1
DA:87,1
DA:88,1
LF:35
LH:35
BRDA:19,0,0,1
BRDA:41,1,0,1
BRDA:41,2,0,3
BRDA:41,2,1,2
BRDA:72,3,0,1
BRF:5
BRH:5
end_of_record
TN:
SF:src/controllers/booking.controller.ts
FN:36,(anonymous_0)
FN:141,(anonymous_1)
FN:173,(anonymous_2)
FN:196,(anonymous_3)
FN:233,(anonymous_4)
FN:265,(anonymous_5)
FN:290,(anonymous_6)
FN:322,(anonymous_7)
FNF:8
FNH:8
FNDA:3,(anonymous_0)
FNDA:3,(anonymous_1)
FNDA:3,(anonymous_2)
FNDA:3,(anonymous_3)
FNDA:3,(anonymous_4)
FNDA:3,(anonymous_5)
FNDA:3,(anonymous_6)
FNDA:3,(anonymous_7)
DA:2,2
DA:4,2
DA:5,2
DA:6,2
DA:8,2
DA:9,2
DA:10,2
DA:13,2
DA:36,2
DA:41,3
DA:43,3
DA:46,3
DA:48,3
DA:49,0
DA:52,0
DA:56,3
DA:58,3
DA:59,1
DA:60,1
DA:64,2
DA:65,2
DA:66,1
DA:71,1
DA:75,1
DA:78,1
DA:88,1
DA:89,1
DA:90,2
DA:95,2
DA:99,1
DA:106,0
DA:109,0
DA:110,0
DA:111,0
DA:115,0
DA:118,0
DA:119,0
DA:123,0
DA:128,0
DA:141,2
DA:146,3
DA:147,3
DA:148,3
DA:150,2
DA:151,1
DA:154,1
DA:157,1
DA:159,1
DA:160,1
DA:173,2
DA:178,3
DA:179,3
DA:180,2
DA:182,1
DA:183,1
DA:196,2
DA:201,3
DA:202,3
DA:203,3
DA:205,3
DA:210,2
DA:211,1
DA:214,1
DA:217,1
DA:219,1
DA:220,1
DA:233,2
DA:238,3
DA:239,3
DA:240,3
DA:242,2
DA:243,1
DA:246,1
DA:249,1
DA:251,1
DA:252,1
DA:265,2
DA:270,3
DA:271,3
DA:272,3
DA:274,2
DA:276,1
DA:277,1
DA:290,2
DA:295,3
DA:296,3
DA:297,3
DA:299,2
DA:300,1
DA:303,1
DA:306,1
DA:308,1
DA:309,1
DA:322,2
DA:327,3
DA:328,3
DA:329,3
DA:331,2
DA:332,1
DA:335,1
DA:338,1
DA:340,1
DA:341,1
LF:103
LH:92
BRDA:48,0,0,0
BRDA:56,1,0,3
BRDA:56,1,1,3
BRDA:58,2,0,1
BRDA:58,3,0,3
BRDA:58,3,1,2
BRDA:65,4,0,1
BRDA:109,5,0,0
BRDA:110,6,0,0
BRDA:118,7,0,0
BRDA:130,8,0,0
BRDA:130,8,1,0
BRDA:150,9,0,1
BRDA:210,10,0,1
BRDA:242,11,0,1
BRDA:299,12,0,1
BRDA:331,13,0,1
BRF:17
BRH:11
end_of_record
TN:
SF:src/controllers/movie.controller.ts
FN:10,(anonymous_0)
FN:31,(anonymous_1)
FN:52,(anonymous_2)
FN:72,(anonymous_3)
FN:95,(anonymous_4)
FN:113,(anonymous_5)
FNF:6
FNH:6
FNDA:2,(anonymous_0)
FNDA:2,(anonymous_1)
FNDA:2,(anonymous_2)
FNDA:2,(anonymous_3)
FNDA:2,(anonymous_4)
FNDA:2,(anonymous_5)
DA:2,2
DA:5,2
DA:10,2
DA:15,2
DA:16,2
DA:17,2
DA:19,1
DA:24,1
DA:31,2
DA:36,2
DA:37,2
DA:38,2
DA:40,1
DA:45,1
DA:52,2
DA:57,2
DA:58,2
DA:60,1
DA:65,1
DA:72,2
DA:77,2
DA:78,2
DA:79,2
DA:81,2
DA:83,1
DA:88,1
DA:95,2
DA:100,2
DA:101,2
DA:102,2
DA:104,1
DA:106,1
DA:113,2
DA:123,2
DA:124,2
DA:131,2
DA:133,2
DA:134,2
DA:135,2
DA:136,2
DA:138,2
DA:140,1
DA:145,1
LF:43
LH:43
BRDA:133,0,0,1
BRDA:134,1,0,0
BRDA:135,2,0,0
BRDA:136,3,0,0
BRF:4
BRH:1
end_of_record
TN:
SF:src/controllers/movieHall.controller.ts
FN:9,(anonymous_0)
FN:28,(anonymous_1)
FN:49,(anonymous_2)
FN:68,(anonymous_3)
FN:95,(anonymous_4)
FNF:5
FNH:5
FNDA:3,(anonymous_0)
FNDA:4,(anonymous_1)
FNDA:3,(anonymous_2)
FNDA:4,(anonymous_3)
FNDA:4,(anonymous_4)
DA:2,3
DA:4,3
DA:9,3
DA:14,3
DA:15,3
DA:16,2
DA:21,1
DA:28,3
DA:33,4
DA:34,4
DA:35,4
DA:37,2
DA:42,2
DA:49,3
DA:54,3
DA:55,3
DA:56,2
DA:61,1
DA:68,3
DA:73,4
DA:74,4
DA:75,4
DA:77,4
DA:83,2
DA:88,2
DA:95,3
DA:100,4
DA:101,4
DA:103,4
DA:105,2
DA:107,2
LF:31
LH:31
BRF:0
BRH:0
end_of_record
TN:
SF:src/controllers/movieTheater.controller.ts
FN:9,(anonymous_0)
FN:28,(anonymous_1)
FN:49,(anonymous_2)
FN:68,(anonymous_3)
FN:91,(anonymous_4)
FNF:5
FNH:5
FNDA:2,(anonymous_0)
FNDA:3,(anonymous_1)
FNDA:2,(anonymous_2)
FNDA:3,(anonymous_3)
FNDA:3,(anonymous_4)
DA:2,2
DA:4,2
DA:9,2
DA:14,2
DA:15,2
DA:16,1
DA:21,1
DA:28,2
DA:33,3
DA:34,3
DA:36,3
DA:37,1
DA:42,2
DA:49,2
DA:54,2
DA:55,2
DA:56,1
DA:61,1
DA:68,2
DA:73,3
DA:74,3
DA:75,3
DA:79,1
DA:84,2
DA:91,2
DA:96,3
DA:97,3
DA:98,3
DA:99,1
DA:101,2
LF:30
LH:30
BRF:0
BRH:0
end_of_record
TN:
SF:src/controllers/screening.controller.ts
FN:11,(anonymous_0)
FN:31,(anonymous_1)
FN:52,(anonymous_2)
FN:72,(anonymous_3)
FN:97,(anonymous_4)
FN:115,(anonymous_5)
FNF:6
FNH:6
FNDA:3,(anonymous_0)
FNDA:3,(anonymous_1)
FNDA:3,(anonymous_2)
FNDA:3,(anonymous_3)
FNDA:3,(anonymous_4)
FNDA:5,(anonymous_5)
DA:2,3
DA:6,3
DA:11,3
DA:16,3
DA:17,3
DA:18,3
DA:19,2
DA:24,1
DA:31,3
DA:36,3
DA:37,3
DA:38,3
DA:40,2
DA:45,1
DA:52,3
DA:57,3
DA:58,3
DA:60,2
DA:65,1
DA:72,3
DA:77,3
DA:78,3
DA:79,3
DA:80,3
DA:85,2
DA:90,1
DA:97,3
DA:102,3
DA:103,3
DA:104,3
DA:106,2
DA:108,1
DA:115,3
DA:120,5
DA:121,5
DA:123,5
DA:124,1
DA:127,1
DA:130,4
DA:135,3
DA:140,1
LF:41
LH:41
BRDA:123,0,0,1
BRDA:123,1,0,5
BRDA:123,1,1,5
BRF:3
BRH:3
end_of_record
TN:
SF:src/controllers/seatBooking.controller.ts
FN:21,(anonymous_0)
FN:50,(anonymous_1)
FN:89,(anonymous_2)
FN:119,(anonymous_3)
FN:149,(anonymous_4)
FNF:5
FNH:5
FNDA:3,(anonymous_0)
FNDA:5,(anonymous_1)
FNDA:3,(anonymous_2)
FNDA:3,(anonymous_3)
FNDA:5,(anonymous_4)
DA:4,3
DA:8,3
DA:21,3
DA:26,3
DA:27,3
DA:28,3
DA:31,2
DA:33,1
DA:34,1
DA:50,3
DA:55,5
DA:56,5
DA:58,5
DA:63,4
DA:64,2
DA:67,2
DA:70,2
DA:72,1
DA:73,1
DA:89,3
DA:94,3
DA:95,3
DA:96,3
DA:100,2
DA:102,1
DA:103,1
DA:119,3
DA:124,3
DA:125,3
DA:126,3
DA:130,2
DA:132,1
DA:133,1
DA:149,3
DA:154,5
DA:155,5
DA:156,5
DA:161,4
DA:162,2
DA:165,2
DA:168,2
DA:170,1
DA:171,1
LF:43
LH:43
BRDA:63,0,0,2
BRDA:161,1,0,2
BRF:2
BRH:2
end_of_record
TN:
SF:src/controllers/user.controller.ts
FN:18,(anonymous_1)
FN:19,(anonymous_2)
FN:42,(anonymous_3)
FN:61,(anonymous_4)
FN:93,(anonymous_5)
FN:125,(anonymous_6)
FN:141,(anonymous_7)
FNF:7
FNH:7
FNDA:4,(anonymous_1)
FNDA:2,(anonymous_2)
FNDA:2,(anonymous_3)
FNDA:3,(anonymous_4)
FNDA:3,(anonymous_5)
FNDA:2,(anonymous_6)
FNDA:2,(anonymous_7)
DA:3,2
DA:4,2
DA:5,2
DA:6,2
DA:9,2
DA:10,2
DA:11,2
DA:12,2
DA:17,2
DA:18,2
DA:19,4
DA:20,2
DA:21,2
DA:22,2
DA:23,1
DA:24,1
DA:26,1
DA:28,1
DA:35,1
DA:42,2
DA:47,2
DA:48,2
DA:49,1
DA:54,1
DA:61,2
DA:66,3
DA:67,3
DA:69,3
DA:70,1
DA:73,1
DA:76,2
DA:77,2
DA:78,1
DA:80,1
DA:86,1
DA:93,2
DA:98,3
DA:99,3
DA:101,3
DA:102,1
DA:105,1
DA:108,2
DA:109,2
DA:110,1
DA:111,1
DA:113,1
DA:118,1
DA:125,2
DA:130,2
DA:131,2
DA:132,1
DA:134,1
DA:141,2
DA:146,2
DA:147,2
DA:148,2
DA:152,2
DA:153,1
DA:154,1
DA:157,1
DA:158,1
DA:160,1
DA:170,0
LF:63
LH:62
BRDA:69,0,0,1
BRDA:69,1,0,3
BRDA:69,1,1,1
BRDA:101,2,0,1
BRDA:101,3,0,3
BRDA:101,3,1,2
BRDA:147,4,0,0
BRDA:147,4,1,2
BRDA:148,5,0,0
BRDA:148,5,1,2
BRDA:152,6,0,1
BRDA:152,7,0,2
BRDA:152,7,1,1
BRF:13
BRH:11
end_of_record
TN:
SF:src/errors/BadRequestError.ts
FN:4,(anonymous_0)
FNF:1
FNH:1
FNDA:8,(anonymous_0)
DA:1,18
DA:5,8
DA:6,8
DA:7,8
DA:10,8
LF:5
LH:5
BRF:0
BRH:0
end_of_record
TN:
SF:src/errors/ConflictError.ts
FN:4,(anonymous_0)
FNF:1
FNH:0
FNDA:0,(anonymous_0)
DA:1,11
DA:5,0
DA:6,0
DA:7,0
DA:10,0
LF:5
LH:1
BRF:0
BRH:0
end_of_record
TN:
SF:src/errors/NotFoundError.ts
FN:4,(anonymous_0)
FNF:1
FNH:1
FNDA:30,(anonymous_0)
DA:1,21
DA:5,30
DA:6,30
DA:7,30
DA:10,30
LF:5
LH:5
BRF:0
BRH:0
end_of_record
TN:
SF:src/middlewares/auth.middleware.ts
FN:24,getTokenPayload
FN:38,authenticateJwt
FN:60,optionalAuthentication
FNF:3
FNH:3
FNDA:8,getTokenPayload
FNDA:4,authenticateJwt
FNDA:4,optionalAuthentication
DA:4,2
DA:17,2
DA:25,8
DA:26,8
DA:27,4
DA:30,4
DA:31,4
DA:38,2
DA:43,4
DA:45,4
DA:46,3
DA:49,3
DA:52,1
DA:53,1
DA:60,2
DA:65,4
DA:66,4
DA:67,1
DA:69,4
LF:19
LH:19
BRDA:26,0,0,4
BRDA:31,1,0,4
BRDA:31,1,1,2
BRDA:45,2,0,3
BRDA:66,3,0,1
BRF:5
BRH:5
end_of_record
TN:
SF:src/middlewares/authorization.middleware.ts
FN:17,(anonymous_0)
FN:18,(anonymous_1)
FN:55,(anonymous_2)
FN:56,(anonymous_3)
FN:104,(anonymous_4)
FN:105,(anonymous_5)
FN:151,(anonymous_6)
FN:152,(anonymous_7)
FN:205,(anonymous_8)
FN:206,(anonymous_9)
FNF:10
FNH:10
FNDA:21,(anonymous_0)
FNDA:4,(anonymous_1)
FNDA:9,(anonymous_2)
FNDA:6,(anonymous_3)
FNDA:8,(anonymous_4)
FNDA:6,(anonymous_5)
FNDA:11,(anonymous_6)
FNDA:6,(anonymous_7)
FNDA:5,(anonymous_8)
FNDA:4,(anonymous_9)
DA:2,2
DA:4,2
DA:6,2
DA:7,2
DA:12,2
DA:18,21
DA:23,4
DA:24,4
DA:26,4
DA:27,1
DA:30,1
DA:33,3
DA:38,2
DA:39,1
DA:40,1
DA:43,1
DA:45,1
DA:46,1
DA:47,1
DA:56,9
DA:61,6
DA:62,6
DA:63,6
DA:65,6
DA:66,1
DA:69,1
DA:72,5
DA:73,1
DA:76,1
DA:79,4
DA:80,1
DA:83,3
DA:85,2
DA:86,1
DA:89,1
DA:90,1
DA:92,1
DA:93,1
DA:94,1
DA:105,8
DA:110,6
DA:111,6
DA:112,6
DA:114,6
DA:115,1
DA:118,1
DA:121,5
DA:122,1
DA:125,1
DA:128,4
DA:129,1
DA:132,3
DA:134,2
DA:135,1
DA:138,1
DA:139,1
DA:141,1
DA:142,1
DA:143,1
DA:152,11
DA:157,6
DA:158,6
DA:159,6
DA:161,6
DA:162,0
DA:165,0
DA:168,6
DA:169,1
DA:172,1
DA:175,5
DA:177,4
DA:178,1
DA:179,1
DA:182,3
DA:183,1
DA:186,2
DA:188,2
DA:189,1
DA:192,1
DA:193,1
DA:195,1
DA:196,1
DA:197,1
DA:206,5
DA:211,4
DA:212,4
DA:213,4
DA:214,1
DA:217,1
DA:220,3
DA:222,2
DA:223,1
DA:226,1
DA:229,1
DA:231,1
DA:232,1
DA:233,1
LF:97
LH:95
BRDA:26,0,0,1
BRDA:26,1,0,4
BRDA:26,1,1,3
BRDA:38,2,0,1
BRDA:63,3,0,6
BRDA:63,3,1,2
BRDA:65,4,0,1
BRDA:65,5,0,6
BRDA:65,5,1,5
BRDA:72,6,0,1
BRDA:79,7,0,1
BRDA:85,8,0,1
BRDA:112,9,0,6
BRDA:112,9,1,2
BRDA:114,10,0,1
BRDA:114,11,0,6
BRDA:114,11,1,5
BRDA:121,12,0,1
BRDA:128,13,0,1
BRDA:134,14,0,1
BRDA:134,15,0,2
BRDA:134,15,1,1
BRDA:161,16,0,0
BRDA:161,17,0,6
BRDA:161,17,1,6
BRDA:168,18,0,1
BRDA:177,19,0,1
BRDA:182,20,0,1
BRDA:188,21,0,1
BRDA:188,22,0,2
BRDA:188,22,1,1
BRDA:213,23,0,1
BRDA:213,24,0,4
BRDA:213,24,1,3
BRDA:222,25,0,1
BRDA:222,26,0,2
BRDA:222,26,1,1
BRF:37
BRH:36
end_of_record
TN:
SF:src/middlewares/errorHandler.ts
FN:3,errorHandler
FNF:1
FNH:0
FNDA:0,errorHandler
DA:3,1
DA:9,0
DA:11,0
DA:12,0
DA:14,0
LF:5
LH:1
BRDA:11,0,0,0
BRDA:11,0,1,0
BRDA:12,1,0,0
BRDA:12,1,1,0
BRF:4
BRH:0
end_of_record
TN:
SF:src/middlewares/handleValidationErrors.middleware.ts
FN:14,(anonymous_0)
FNF:1
FNH:1
FNDA:36,(anonymous_0)
DA:2,6
DA:14,6
DA:19,36
DA:21,36
DA:22,18
DA:26,18
DA:29,18
DA:32,6
LF:8
LH:8
BRDA:21,0,0,18
BRF:1
BRH:1
end_of_record
TN:
SF:src/middlewares/screening.middleware.ts
FN:16,(anonymous_0)
FN:29,(anonymous_1)
FNF:2
FNH:0
FNDA:0,(anonymous_0)
FNDA:0,(anonymous_1)
DA:2,2
DA:9,2
DA:16,2
DA:17,0
DA:29,2
DA:34,0
DA:36,0
DA:38,0
DA:39,0
DA:44,0
DA:47,0
DA:49,0
DA:50,0
DA:54,0
DA:58,0
DA:60,0
DA:62,0
LF:17
LH:4
BRDA:18,0,0,0
BRDA:18,0,1,0
BRDA:18,0,2,0
BRDA:38,1,0,0
BRDA:49,2,0,0
BRF:5
BRH:0
end_of_record
TN:
SF:src/middlewares/seatBooking.middleware.ts
FN:22,(anonymous_0)
FN:35,(anonymous_1)
FN:54,(anonymous_2)
FN:146,(anonymous_3)
FNF:4
FNH:4
FNDA:7,(anonymous_0)
FNDA:6,(anonymous_1)
FNDA:6,(anonymous_2)
FNDA:4,(anonymous_3)
DA:2,3
DA:3,3
DA:4,3
DA:13,3
DA:14,3
DA:15,3
DA:22,3
DA:23,7
DA:35,3
DA:36,6
DA:37,4
DA:39,2
DA:40,0
DA:42,2
DA:43,0
DA:45,2
DA:46,0
DA:48,2
DA:54,3
DA:59,6
DA:61,6
DA:62,6
DA:63,6
DA:64,6
DA:65,1
DA:66,1
DA:69,5
DA:70,5
DA:71,1
DA:75,1
DA:79,4
DA:83,4
DA:88,4
DA:89,1
DA:94,1
DA:98,3
DA:100,3
DA:101,1
DA:102,1
DA:106,2
DA:107,2
DA:109,2
DA:110,4
DA:112,12
DA:113,12
DA:114,10
DA:120,2
DA:121,3
DA:122,1
DA:129,1
DA:134,1
DA:135,1
DA:137,1
DA:139,0
DA:146,3
DA:151,4
DA:155,4
DA:156,3
DA:159,4
DA:160,1
DA:163,4
DA:164,1
DA:165,1
DA:169,3
DA:173,3
DA:175,3
DA:176,1
DA:177,1
DA:181,2
DA:183,3
DA:188,3
DA:189,1
DA:195,1
DA:200,1
DA:201,1
DA:204,1
DA:206,0
LF:77
LH:72
BRDA:24,0,0,7
BRDA:24,0,1,2
BRDA:24,0,2,2
BRDA:36,1,0,4
BRDA:36,2,0,6
BRDA:36,2,1,4
BRDA:39,3,0,0
BRDA:39,4,0,2
BRDA:39,4,1,0
BRDA:42,5,0,0
BRDA:45,6,0,0
BRDA:62,7,0,6
BRDA:64,8,0,1
BRDA:70,9,0,1
BRDA:88,10,0,1
BRDA:100,11,0,1
BRDA:113,12,0,10
BRDA:113,13,0,12
BRDA:113,13,1,10
BRDA:121,14,0,1
BRDA:155,15,0,3
BRDA:156,16,0,3
BRDA:156,16,1,3
BRDA:159,17,0,1
BRDA:163,18,0,1
BRDA:173,19,0,2
BRDA:173,19,1,1
BRDA:173,20,0,1
BRDA:173,20,1,1
BRDA:175,21,0,1
BRDA:188,22,0,1
BRDA:200,23,0,1
BRF:32
BRH:28
end_of_record
TN:
SF:src/models/authorization.model.ts
FN:23,(anonymous_2)
FN:39,(anonymous_3)
FNF:2
FNH:2
FNDA:1,(anonymous_2)
FNDA:2,(anonymous_3)
DA:1,6
DA:9,6
DA:19,6
DA:23,1
DA:30,6
DA:37,6
DA:39,2
DA:40,6
DA:43,6
LF:9
LH:9
BRF:0
BRH:0
end_of_record
TN:
SF:src/models/booking.model.ts
FN:44,(anonymous_2)
FN:51,(anonymous_3)
FN:78,(anonymous_4)
FN:81,(anonymous_5)
FNF:4
FNH:4
FNDA:18,(anonymous_2)
FNDA:6,(anonymous_3)
FNDA:12,(anonymous_4)
FNDA:12,(anonymous_5)
DA:1,11
DA:14,11
DA:15,11
DA:31,11
DA:42,11
DA:44,18
DA:49,11
DA:51,6
DA:56,11
DA:62,11
DA:68,11
DA:75,11
DA:78,12
DA:79,11
DA:81,12
DA:82,11
LF:16
LH:16
BRF:0
BRH:0
end_of_record
TN:
SF:src/models/movie.model.ts
FN:83,(anonymous_2)
FNF:1
FNH:1
FNDA:56,(anonymous_2)
DA:1,19
DA:30,19
DA:41,19
DA:47,19
DA:53,19
DA:59,19
DA:65,19
DA:71,19
DA:77,19
DA:84,56
DA:85,56
DA:86,1
DA:93,19
DA:99,19
LF:14
LH:14
BRDA:85,0,0,1
BRF:1
BRH:1
end_of_record
TN:
SF:src/models/movieHall.model.ts
FNF:0
FNH:0
DA:1,21
DA:16,21
DA:25,21
DA:32,21
DA:38,21
LF:5
LH:5
BRF:0
BRH:0
end_of_record
TN:
SF:src/models/movietheater.model.ts
FNF:0
FNH:0
DA:1,18
DA:19,18
DA:29,18
DA:35,18
DA:41,18
DA:47,18
DA:53,18
DA:62,18
LF:8
LH:8
BRF:0
BRH:0
end_of_record
TN:
SF:src/models/screening.model.ts
FN:59,(anonymous_2)
FN:69,(anonymous_3)
FN:79,(anonymous_4)
FN:102,(anonymous_5)
FN:117,(anonymous_6)
FN:123,(anonymous_7)
FN:129,(anonymous_8)
FNF:7
FNH:7
FNDA:45,(anonymous_2)
FNDA:27,(anonymous_3)
FNDA:9,(anonymous_4)
FNDA:52,(anonymous_5)
FNDA:18,(anonymous_6)
FNDA:18,(anonymous_7)
FNDA:18,(anonymous_8)
DA:1,16
DA:14,16
DA:15,16
DA:16,16
DA:40,16
DA:54,16
DA:59,45
DA:64,16
DA:69,27
DA:74,16
DA:79,9
DA:84,16
DA:93,16
DA:103,52
DA:104,52
DA:105,0
DA:112,16
DA:117,18
DA:118,16
DA:123,18
DA:124,16
DA:129,18
DA:130,16
LF:23
LH:22
BRDA:104,0,0,0
BRF:1
BRH:0
end_of_record
TN:
SF:src/models/seatBooking.model.ts
FN:28,(anonymous_2)
FN:42,(anonymous_3)
FN:51,(anonymous_4)
FN:54,(anonymous_5)
FNF:4
FNH:4
FNDA:9,(anonymous_2)
FNDA:3,(anonymous_3)
FNDA:8,(anonymous_4)
FNDA:8,(anonymous_5)
DA:2,7
DA:12,7
DA:13,7
DA:25,7
DA:28,9
DA:34,7
DA:38,7
DA:42,3
DA:48,7
DA:51,8
DA:52,7
DA:54,8
DA:55,7
LF:13
LH:13
BRF:0
BRH:0
end_of_record
TN:
SF:src/models/user.model.ts
FN:65,(anonymous_3)
FN:71,(anonymous_4)
FNF:2
FNH:2
FNDA:2,(anonymous_3)
FNDA:36,(anonymous_4)
DA:1,22
DA:9,22
DA:23,22
DA:33,22
DA:50,22
DA:60,22
DA:63,22
DA:66,2
DA:71,22
DA:72,36
DA:73,35
DA:74,35
LF:12
LH:12
BRDA:72,0,0,35
BRF:1
BRH:1
end_of_record
TN:
SF:src/routes/app.ts
FN:22,(anonymous_1)
FN:36,(anonymous_2)
FN:55,(anonymous_3)
FNF:3
FNH:3
FNDA:2,(anonymous_1)
FNDA:1,(anonymous_2)
FNDA:1,(anonymous_3)
DA:2,1
DA:3,1
DA:4,1
DA:5,1
DA:6,1
DA:7,1
DA:8,1
DA:9,1
DA:10,1
DA:11,1
DA:12,1
DA:13,1
DA:14,1
DA:16,1
DA:17,1
DA:19,1
DA:20,1
DA:22,1
DA:23,2
DA:24,2
DA:25,1
DA:29,1
DA:30,1
DA:36,1
DA:37,1
DA:40,1
DA:42,1
DA:44,1
DA:45,1
DA:47,1
DA:49,1
DA:50,1
DA:51,1
DA:52,1
DA:53,1
DA:55,1
DA:56,1
DA:59,1
LF:38
LH:38
BRDA:17,0,0,1
BRDA:17,0,1,0
BRF:2
BRH:1
end_of_record
TN:
SF:src/routes/auth.routes.ts
FNF:0
FNH:0
DA:1,2
DA:2,2
DA:7,2
DA:8,2
DA:10,2
DA:61,2
DA:103,2
DA:148,2
DA:150,2
LF:9
LH:9
BRF:0
BRH:0
end_of_record
TN:
SF:src/routes/booking.routes.ts
FNF:0
FNH:0
DA:1,2
DA:2,2
DA:12,2
DA:13,2
DA:14,2
DA:15,2
DA:19,2
DA:21,2
DA:191,2
DA:216,2
DA:246,2
DA:292,2
DA:326,2
DA:356,2
DA:386,2
DA:419,2
DA:426,2
LF:17
LH:17
BRF:0
BRH:0
end_of_record
TN:
SF:src/routes/email.route.ts
FN:9,(anonymous_0)
FNF:1
FNH:0
FNDA:0,(anonymous_0)
DA:1,1
DA:2,1
DA:4,1
DA:5,1
DA:7,1
DA:10,0
DA:11,0
DA:13,0
DA:14,0
DA:17,0
DA:18,0
DA:19,0
DA:21,0
DA:22,0
DA:27,1
LF:15
LH:6
BRDA:13,0,0,0
BRF:1
BRH:0
end_of_record
TN:
SF:src/routes/movie.routes.ts
FNF:0
FNH:0
DA:1,2
DA:2,2
DA:10,2
DA:11,2
DA:12,2
DA:13,2
DA:20,2
DA:48,2
DA:88,2
DA:116,2
DA:135,2
DA:172,2
DA:209,2
DA:218,2
LF:14
LH:14
BRF:0
BRH:0
end_of_record
TN:
SF:src/routes/movieHall.routes.ts
FNF:0
FNH:0
DA:1,2
DA:2,2
DA:10,2
DA:11,2
DA:12,2
DA:17,2
DA:19,2
DA:63,2
DA:102,2
DA:122,2
DA:173,2
DA:214,2
DA:223,2
LF:13
LH:13
BRF:0
BRH:0
end_of_record
TN:
SF:src/routes/movieTheater.routes.ts
FNF:0
FNH:0
DA:1,2
DA:2,2
DA:9,2
DA:10,2
DA:11,2
DA:12,2
DA:17,2
DA:68,2
DA:99,2
DA:114,2
DA:163,2
DA:200,2
DA:207,2
LF:13
LH:13
BRF:0
BRH:0
end_of_record
TN:
SF:src/routes/screening.routes.ts
FNF:0
FNH:0
DA:1,2
DA:2,2
DA:10,2
DA:11,2
DA:12,2
DA:17,2
DA:19,2
DA:102,2
DA:129,2
DA:165,2
DA:200,2
DA:247,2
DA:287,2
DA:296,2
LF:14
LH:14
BRF:0
BRH:0
end_of_record
TN:
SF:src/routes/seatBooking.routes.ts
FNF:0
FNH:0
DA:2,2
DA:3,2
DA:10,2
DA:11,2
DA:13,2
DA:54,2
DA:80,2
DA:106,2
DA:137,2
DA:170,2
DA:177,2
LF:11
LH:11
BRF:0
BRH:0
end_of_record
TN:
SF:src/routes/user.routes.ts
FNF:0
FNH:0
DA:1,1
DA:2,1
DA:10,1
DA:11,1
DA:12,1
DA:17,1
DA:19,1
DA:63,1
DA:109,1
DA:151,1
DA:181,1
DA:224,1
DA:274,1
DA:306,1
DA:313,1
LF:15
LH:15
BRF:0
BRH:0
end_of_record
TN:
SF:src/services/auth.service.ts
FN:16,(anonymous_9)
FN:29,(anonymous_10)
FN:49,(anonymous_11)
FN:63,(anonymous_12)
FN:100,(anonymous_13)
FNF:5
FNH:5
FNDA:12,(anonymous_9)
FNDA:1,(anonymous_10)
FNDA:2,(anonymous_11)
FNDA:3,(anonymous_12)
FNDA:2,(anonymous_13)
DA:2,6
DA:4,6
DA:7,6
DA:20,12
DA:21,12
DA:30,1
DA:37,1
DA:50,2
DA:51,2
DA:53,1
DA:71,3
DA:76,3
DA:79,2
DA:80,2
DA:83,1
DA:86,1
DA:92,1
DA:104,2
DA:106,2
DA:108,1
DA:109,1
DA:115,1
LF:22
LH:22
BRDA:17,0,0,4
BRDA:17,1,0,4
BRDA:17,1,1,4
BRDA:18,2,0,4
BRDA:76,3,0,1
BRDA:80,4,0,1
BRDA:106,5,0,1
BRF:7
BRH:7
end_of_record
TN:
SF:src/services/authorization.service.ts
FN:12,(anonymous_0)
FN:23,(anonymous_1)
FN:47,(anonymous_2)
FNF:3
FNH:3
FNDA:5,(anonymous_0)
FNDA:2,(anonymous_1)
FNDA:3,(anonymous_2)
DA:1,5
DA:6,5
DA:13,5
DA:14,5
DA:24,2
DA:26,2
DA:28,1
DA:32,1
DA:35,1
DA:36,1
DA:38,1
DA:48,3
DA:49,3
DA:51,2
DA:57,2
LF:15
LH:15
BRDA:14,0,0,3
BRDA:14,0,1,2
BRDA:26,1,0,1
BRDA:49,2,0,1
BRF:4
BRH:4
end_of_record
TN:
SF:src/services/booking.service.ts
FN:9,(anonymous_0)
FN:18,(anonymous_1)
FN:26,(anonymous_2)
FN:36,(anonymous_3)
FN:51,(anonymous_4)
FN:63,(anonymous_5)
FN:74,(anonymous_6)
FN:87,(anonymous_7)
FNF:8
FNH:8
FNDA:1,(anonymous_0)
FNDA:2,(anonymous_1)
FNDA:1,(anonymous_2)
FNDA:2,(anonymous_3)
FNDA:2,(anonymous_4)
FNDA:1,(anonymous_5)
FNDA:2,(anonymous_6)
FNDA:2,(anonymous_7)
DA:1,3
DA:3,3
DA:10,1
DA:19,2
DA:27,1
DA:40,2
DA:41,2
DA:42,1
DA:43,1
DA:52,2
DA:55,2
DA:64,1
DA:75,2
DA:76,2
DA:77,1
DA:78,1
DA:79,1
DA:88,2
DA:89,2
DA:90,1
DA:91,1
DA:92,1
LF:22
LH:22
BRDA:41,0,0,1
BRDA:76,1,0,1
BRDA:89,2,0,1
BRF:3
BRH:3
end_of_record
TN:
SF:src/services/email.service.ts
FN:10,(anonymous_1)
FN:19,(anonymous_2)
FNF:2
FNH:2
FNDA:5,(anonymous_1)
FNDA:3,(anonymous_2)
DA:1,3
DA:2,3
DA:4,3
DA:6,3
DA:11,5
DA:12,0
DA:15,5
DA:16,5
DA:20,3
DA:21,3
DA:31,2
DA:32,1
DA:33,1
DA:36,1
DA:38,2
DA:39,2
DA:41,0
DA:43,2
LF:18
LH:16
BRDA:11,0,0,0
BRDA:16,1,0,5
BRDA:16,1,1,0
BRDA:31,2,0,1
BRDA:38,3,0,2
BRDA:38,3,1,0
BRF:6
BRH:3
end_of_record
TN:
SF:src/services/movie.service.ts
FN:11,(anonymous_0)
FN:35,(anonymous_1)
FN:46,(anonymous_2)
FN:54,(anonymous_3)
FN:74,(anonymous_4)
FN:84,(anonymous_5)
FN:112,(anonymous_6)
FNF:7
FNH:7
FNDA:1,(anonymous_0)
FNDA:2,(anonymous_1)
FNDA:1,(anonymous_2)
FNDA:2,(anonymous_3)
FNDA:2,(anonymous_4)
FNDA:4,(anonymous_5)
FNDA:1,(anonymous_6)
DA:1,3
DA:2,3
DA:3,3
DA:4,3
DA:6,3
DA:12,1
DA:19,1
DA:20,0
DA:26,1
DA:28,1
DA:29,1
DA:36,2
DA:37,2
DA:38,1
DA:40,1
DA:47,1
DA:48,1
DA:58,2
DA:59,2
DA:60,1
DA:63,1
DA:64,0
DA:67,1
DA:68,1
DA:75,2
DA:76,2
DA:77,1
DA:90,4
DA:92,4
DA:93,2
DA:95,4
DA:96,1
DA:98,4
DA:99,1
DA:101,4
DA:102,0
DA:105,4
DA:106,4
DA:113,1
DA:114,1
DA:115,0
LF:41
LH:37
BRDA:19,0,0,0
BRDA:37,1,0,1
BRDA:59,2,0,1
BRDA:63,3,0,0
BRDA:76,4,0,1
BRDA:92,5,0,2
BRDA:95,6,0,1
BRDA:98,7,0,1
BRDA:101,8,0,0
BRDA:114,9,0,0
BRF:10
BRH:6
end_of_record
TN:
SF:src/services/movieHall.service.ts
FN:12,(anonymous_0)
FN:37,(anonymous_1)
FN:58,(anonymous_2)
FN:71,(anonymous_3)
FN:97,(anonymous_4)
FNF:5
FNH:5
FNDA:7,(anonymous_0)
FNDA:4,(anonymous_1)
FNDA:2,(anonymous_2)
FNDA:3,(anonymous_3)
FNDA:3,(anonymous_4)
DA:1,7
DA:2,7
DA:3,7
DA:4,7
DA:6,7
DA:13,7
DA:14,7
DA:15,7
DA:17,0
DA:18,0
DA:22,0
DA:23,0
DA:27,0
DA:41,4
DA:45,4
DA:46,2
DA:51,2
DA:59,2
DA:76,3
DA:80,3
DA:81,1
DA:86,2
DA:87,2
DA:88,2
DA:98,3
DA:102,3
DA:103,1
LF:27
LH:22
BRDA:17,0,0,0
BRDA:22,1,0,0
BRDA:24,2,0,0
BRDA:24,2,1,0
BRDA:45,3,0,2
BRDA:80,4,0,1
BRDA:102,5,0,1
BRF:7
BRH:3
end_of_record
TN:
SF:src/services/movieTheater.service.ts
FN:15,(anonymous_0)
FN:42,(anonymous_1)
FN:54,(anonymous_2)
FN:67,(anonymous_3)
FN:84,(anonymous_4)
FNF:5
FNH:5
FNDA:1,(anonymous_0)
FNDA:2,(anonymous_1)
FNDA:1,(anonymous_2)
FNDA:2,(anonymous_3)
FNDA:2,(anonymous_4)
DA:1,3
DA:5,3
DA:6,3
DA:7,3
DA:9,3
DA:18,1
DA:19,1
DA:20,1
DA:22,0
DA:23,0
DA:27,0
DA:28,0
DA:32,0
DA:43,2
DA:44,2
DA:45,1
DA:47,1
DA:55,1
DA:71,2
DA:72,2
DA:73,1
DA:75,1
DA:76,1
DA:85,2
DA:88,2
DA:89,1
LF:26
LH:21
BRDA:22,0,0,0
BRDA:27,1,0,0
BRDA:29,2,0,0
BRDA:29,2,1,0
BRDA:44,3,0,1
BRDA:72,4,0,1
BRDA:88,5,0,1
BRF:7
BRH:3
end_of_record
TN:
SF:src/services/screening.service.ts
FN:14,validateAndCorrectDurationFormat
FN:23,(anonymous_1)
FN:63,(anonymous_2)
FN:123,(anonymous_3)
FN:152,(anonymous_4)
FN:164,(anonymous_5)
FN:175,(anonymous_6)
FN:199,(anonymous_7)
FN:214,(anonymous_8)
FNF:9
FNH:9
FNDA:12,validateAndCorrectDurationFormat
FNDA:36,(anonymous_1)
FNDA:9,(anonymous_2)
FNDA:2,(anonymous_3)
FNDA:3,(anonymous_4)
FNDA:2,(anonymous_5)
FNDA:5,(anonymous_6)
FNDA:3,(anonymous_7)
FNDA:4,(anonymous_8)
DA:1,7
DA:2,7
DA:3,7
DA:4,7
DA:5,7
DA:6,7
DA:7,7
DA:15,12
DA:17,12
DA:18,0
DA:23,36
DA:25,12
DA:26,12
DA:27,12
DA:29,12
DA:40,2
DA:45,10
DA:51,7
DA:65,9
DA:67,8
DA:69,8
DA:105,8
DA:106,1
DA:108,7
DA:109,1
DA:111,6
DA:112,1
DA:117,5
DA:118,5
DA:123,5
DA:124,2
DA:125,2
DA:128,2
DA:133,2
DA:136,5
DA:137,1
DA:143,4
DA:153,3
DA:154,3
DA:155,1
DA:157,2
DA:165,2
DA:179,5
DA:180,5
DA:181,1
DA:184,4
DA:185,3
DA:190,3
DA:200,3
DA:203,3
DA:204,1
DA:218,4
LF:52
LH:51
BRDA:17,0,0,0
BRDA:29,1,0,2
BRDA:30,2,0,12
BRDA:30,2,1,12
BRDA:30,2,2,12
BRDA:30,2,3,12
BRDA:30,2,4,12
BRDA:30,2,5,10
BRDA:30,2,6,10
BRDA:30,2,7,10
BRDA:30,2,8,10
BRDA:105,3,0,1
BRDA:108,4,0,1
BRDA:111,5,0,1
BRDA:133,6,0,2
BRDA:133,6,1,1
BRDA:136,7,0,1
BRDA:154,8,0,1
BRDA:180,9,0,1
BRDA:184,10,0,3
BRDA:203,11,0,1
BRF:21
BRH:20
end_of_record
TN:
SF:src/services/seatBooking.service.ts
FN:14,(anonymous_0)
FN:26,(anonymous_1)
FN:38,(anonymous_2)
FN:49,(anonymous_3)
FN:61,(anonymous_4)
FNF:5
FNH:5
FNDA:6,(anonymous_0)
FNDA:5,(anonymous_1)
FNDA:2,(anonymous_2)
FNDA:2,(anonymous_3)
FNDA:4,(anonymous_4)
DA:3,6
DA:8,6
DA:17,6
DA:30,5
DA:41,2
DA:52,2
DA:65,4
DA:68,4
LF:8
LH:8
BRF:0
BRH:0
end_of_record
TN:
SF:src/services/user.service.ts
FN:22,(anonymous_0)
FN:43,(anonymous_1)
FN:58,(anonymous_2)
FN:76,(anonymous_3)
FN:99,(anonymous_4)
FN:125,(anonymous_5)
FN:140,(anonymous_6)
FN:158,(anonymous_7)
FN:168,(anonymous_8)
FNF:9
FNH:9
FNDA:2,(anonymous_0)
FNDA:2,(anonymous_1)
FNDA:2,(anonymous_2)
FNDA:2,(anonymous_3)
FNDA:3,(anonymous_4)
FNDA:2,(anonymous_5)
FNDA:2,(anonymous_6)
FNDA:1,(anonymous_7)
FNDA:4,(anonymous_8)
DA:2,4
DA:3,4
DA:4,4
DA:5,4
DA:10,4
DA:27,2
DA:28,2
DA:29,1
DA:32,1
DA:33,1
DA:44,2
DA:45,2
DA:46,1
DA:48,1
DA:61,2
DA:62,2
DA:63,1
DA:65,1
DA:80,2
DA:81,2
DA:82,1
DA:85,1
DA:86,1
DA:104,3
DA:105,3
DA:106,1
DA:109,2
DA:110,2
DA:111,1
DA:114,1
DA:115,1
DA:126,2
DA:127,2
DA:128,1
DA:145,2
DA:157,2
DA:158,1
DA:169,4
DA:172,4
LF:39
LH:39
BRDA:28,0,0,1
BRDA:45,1,0,1
BRDA:62,2,0,1
BRDA:81,3,0,1
BRDA:105,4,0,1
BRDA:110,5,0,1
BRDA:127,6,0,1
BRDA:142,7,0,2
BRDA:143,8,0,2
BRF:9
BRH:9
end_of_record
TN:
SF:src/validators/booking.validator.ts
FN:21,(anonymous_0)
FN:43,(anonymous_1)
FN:54,(anonymous_2)
FNF:3
FNH:3
FNDA:12,(anonymous_0)
FNDA:12,(anonymous_1)
FNDA:12,(anonymous_2)
DA:2,3
DA:5,3
DA:22,12
DA:23,12
DA:24,12
DA:25,1
DA:27,11
DA:44,12
DA:45,4
DA:47,7
DA:55,12
DA:56,12
DA:57,11
DA:61,11
DA:63,1
LF:15
LH:15
BRDA:24,0,0,1
BRDA:44,1,0,4
BRDA:56,2,0,11
BRF:3
BRH:3
end_of_record
TN:
SF:src/validators/hall.validator.ts
FN:12,(anonymous_0)
FN:25,(anonymous_1)
FN:43,(anonymous_2)
FN:61,(anonymous_3)
FN:78,(anonymous_4)
FN:83,(anonymous_5)
FN:86,(anonymous_6)
FN:108,(anonymous_7)
FN:113,(anonymous_8)
FN:116,(anonymous_9)
FNF:10
FNH:10
FNDA:10,(anonymous_0)
FNDA:10,(anonymous_1)
FNDA:5,(anonymous_2)
FNDA:5,(anonymous_3)
FNDA:5,(anonymous_4)
FNDA:3,(anonymous_5)
FNDA:9,(anonymous_6)
FNDA:4,(anonymous_7)
FNDA:2,(anonymous_8)
FNDA:4,(anonymous_9)
DA:1,2
DA:4,2
DA:7,2
DA:13,10
DA:14,4
DA:18,6
DA:26,10
DA:27,1
DA:31,9
DA:36,2
DA:44,5
DA:45,0
DA:47,5
DA:48,3
DA:52,2
DA:62,5
DA:63,0
DA:65,5
DA:66,0
DA:70,5
DA:79,5
DA:80,2
DA:82,3
DA:84,3
DA:87,9
DA:91,3
DA:92,0
DA:96,3
DA:101,2
DA:109,4
DA:110,2
DA:112,2
DA:114,2
DA:117,4
DA:121,2
DA:122,0
DA:126,2
LF:37
LH:32
BRDA:13,0,0,4
BRDA:26,1,0,1
BRDA:44,2,0,0
BRDA:47,3,0,3
BRDA:62,4,0,0
BRDA:65,5,0,0
BRDA:79,6,0,2
BRDA:84,7,0,3
BRDA:84,7,1,3
BRDA:87,8,0,9
BRDA:87,8,1,9
BRDA:87,8,2,9
BRDA:91,9,0,0
BRDA:109,10,0,2
BRDA:114,11,0,2
BRDA:114,11,1,2
BRDA:117,12,0,4
BRDA:117,12,1,4
BRDA:117,12,2,4
BRDA:121,13,0,0
BRF:20
BRH:15
end_of_record
TN:
SF:src/validators/movie.validator.ts
FNF:0
FNH:0
DA:1,2
DA:6,2
DA:72,2
DA:131,2
DA:142,2
LF:5
LH:5
BRF:0
BRH:0
end_of_record
TN:
SF:src/validators/movieHall.validator.ts
FN:26,(anonymous_0)
FN:76,(anonymous_1)
FNF:2
FNH:0
FNDA:0,(anonymous_0)
FNDA:0,(anonymous_1)
DA:1,0
DA:6,0
DA:27,0
DA:28,0
DA:29,0
DA:30,0
DA:31,0
DA:36,0
DA:40,0
DA:50,0
DA:71,0
DA:77,0
DA:78,0
DA:79,0
DA:80,0
DA:81,0
DA:82,0
DA:84,0
DA:85,0
DA:87,0
DA:88,0
DA:92,0
LF:22
LH:0
BRDA:27,0,0,0
BRDA:29,1,0,0
BRDA:31,2,0,0
BRDA:32,3,0,0
BRDA:32,3,1,0
BRDA:32,3,2,0
BRDA:77,4,0,0
BRDA:79,5,0,0
BRDA:81,6,0,0
BRDA:84,7,0,0
BRDA:87,8,0,0
BRF:11
BRH:0
end_of_record
TN:
SF:src/validators/movieTheater.validator.ts
FNF:0
FNH:0
DA:1,1
DA:3,1
DA:19,1
LF:3
LH:3
BRF:0
BRH:0
end_of_record
TN:
SF:src/validators/screening.validator.ts
FNF:0
FNH:0
DA:1,2
DA:4,2
DA:14,2
DA:30,2
LF:4
LH:4
BRF:0
BRH:0
end_of_record
TN:
SF:src/validators/user.validator.ts
FN:36,(anonymous_0)
FNF:1
FNH:1
FNDA:5,(anonymous_0)
DA:1,2
DA:3,2
DA:23,2
DA:37,5
DA:38,1
DA:40,4
DA:44,2
DA:62,2
DA:75,2
DA:98,2
LF:10
LH:10
BRDA:37,0,0,1
BRF:1
BRH:1
end_of_record
