TN:
SF:src/server.ts
FN:13,(anonymous_1)
FNF:1
FNH:0
FNDA:0,(anonymous_1)
DA:1,0
DA:2,0
DA:3,0
DA:5,0
DA:6,0
DA:8,0
DA:10,0
DA:13,0
DA:14,0
LF:9
LH:0
BRF:0
BRH:0
end_of_record
TN:
SF:src/config/db.ts
FN:30,(anonymous_1)
FN:31,(anonymous_2)
FNF:2
FNH:0
FNDA:0,(anonymous_1)
FNDA:0,(anonymous_2)
DA:1,0
DA:2,0
DA:3,0
DA:4,0
DA:5,0
DA:7,0
DA:10,0
DA:28,0
DA:30,0
DA:31,0
LF:10
LH:0
BRF:0
BRH:0
end_of_record
TN:
SF:src/config/swagger.ts
FN:24,setupSwagger
FN:29,(anonymous_2)
FNF:2
FNH:1
FNDA:1,setupSwagger
FNDA:0,(anonymous_2)
DA:1,1
DA:2,1
DA:4,1
DA:6,1
DA:22,1
DA:24,1
DA:25,1
DA:27,1
DA:29,1
DA:30,0
DA:31,0
DA:34,1
DA:35,1
LF:13
LH:11
BRF:0
BRH:0
end_of_record
TN:
SF:src/controllers/auth.controller.ts
FN:13,handleLogin
FN:47,handleVerifyToken
FN:83,handleRefreshToken
FNF:3
FNH:3
FNDA:4,handleLogin
FNDA:3,handleVerifyToken
FNDA:4,handleRefreshToken
DA:3,3
DA:6,3
DA:13,3
DA:14,4
DA:17,4
DA:18,1
DA:21,3
DA:23,3
DA:26,2
DA:27,1
DA:31,1
DA:37,1
DA:38,1
DA:47,3
DA:51,3
DA:54,3
DA:55,1
DA:58,2
DA:60,2
DA:63,2
DA:64,1
DA:68,1
DA:73,0
DA:74,0
DA:83,3
DA:87,4
DA:90,4
DA:91,1
DA:94,3
DA:96,3
DA:99,2
DA:100,1
DA:104,1
DA:110,1
DA:111,1
LF:35
LH:33
BRDA:17,0,0,1
BRDA:17,1,0,4
BRDA:17,1,1,3
BRDA:26,2,0,1
BRDA:54,3,0,1
BRDA:63,4,0,1
BRDA:90,5,0,1
BRDA:99,6,0,1
BRF:8
BRH:8
end_of_record
TN:
SF:src/controllers/autorization.controller.ts
FN:13,(anonymous_1)
FN:36,(anonymous_2)
FN:37,(anonymous_3)
FN:68,(anonymous_4)
FNF:4
FNH:4
FNDA:3,(anonymous_1)
FNDA:3,(anonymous_2)
FNDA:3,(anonymous_3)
FNDA:3,(anonymous_4)
DA:2,2
DA:4,2
DA:6,2
DA:8,2
DA:13,2
DA:14,3
DA:16,3
DA:17,3
DA:19,2
DA:20,1
DA:25,1
DA:27,1
DA:28,1
DA:35,2
DA:36,2
DA:37,3
DA:38,3
DA:39,3
DA:41,3
DA:42,1
DA:45,1
DA:48,2
DA:51,1
DA:60,1
DA:61,1
DA:68,2
DA:69,3
DA:70,3
DA:72,3
DA:77,1
DA:80,2
DA:81,2
DA:85,1
DA:87,1
DA:88,1
LF:35
LH:35
BRDA:19,0,0,1
BRDA:41,1,0,1
BRDA:41,2,0,3
BRDA:41,2,1,2
BRDA:72,3,0,1
BRF:5
BRH:5
end_of_record
TN:
SF:src/controllers/movieTheater.controller.ts
FN:11,(anonymous_0)
FN:31,(anonymous_1)
FN:59,(anonymous_2)
FN:79,(anonymous_3)
FN:111,(anonymous_4)
FNF:5
FNH:5
FNDA:2,(anonymous_0)
FNDA:3,(anonymous_1)
FNDA:2,(anonymous_2)
FNDA:3,(anonymous_3)
FNDA:3,(anonymous_4)
DA:2,2
DA:4,2
DA:11,2
DA:15,2
DA:16,2
DA:17,1
DA:22,1
DA:31,2
DA:35,3
DA:36,3
DA:37,3
DA:41,2
DA:42,1
DA:43,1
DA:46,1
DA:50,1
DA:59,2
DA:63,2
DA:64,2
DA:65,1
DA:70,1
DA:79,2
DA:83,3
DA:84,3
DA:85,3
DA:90,2
DA:91,1
DA:92,1
DA:95,1
DA:102,1
DA:111,2
DA:115,3
DA:116,3
DA:117,3
DA:119,2
DA:120,1
DA:121,1
DA:124,1
DA:126,1
LF:39
LH:39
BRDA:41,0,0,1
BRDA:90,1,0,1
BRDA:119,2,0,1
BRF:3
BRH:3
end_of_record
TN:
SF:src/controllers/user.controller.ts
FN:8,handleCreateUser
FN:42,handleGetUser
FN:63,handleUpdateUser
FN:105,handleChangePassword
FN:142,handleDeleteUser
FN:166,handleSearchUsers
FNF:6
FNH:6
FNDA:4,handleCreateUser
FNDA:4,handleGetUser
FNDA:5,handleUpdateUser
FNDA:4,handleChangePassword
FNDA:4,handleDeleteUser
FNDA:3,handleSearchUsers
DA:3,2
DA:6,2
DA:8,2
DA:13,4
DA:15,4
DA:16,1
DA:17,1
DA:20,3
DA:21,3
DA:22,2
DA:23,1
DA:24,1
DA:27,1
DA:30,1
DA:33,1
DA:35,1
DA:37,1
DA:38,1
DA:42,2
DA:43,4
DA:45,4
DA:46,1
DA:49,3
DA:50,3
DA:52,2
DA:53,1
DA:56,1
DA:58,1
DA:59,1
DA:63,2
DA:67,5
DA:68,5
DA:70,5
DA:71,1
DA:75,4
DA:76,0
DA:81,4
DA:83,4
DA:84,2
DA:85,1
DA:86,1
DA:90,2
DA:92,2
DA:93,1
DA:96,1
DA:100,1
DA:101,1
DA:105,2
DA:109,4
DA:110,4
DA:112,4
DA:113,0
DA:116,4
DA:117,1
DA:122,3
DA:123,3
DA:129,2
DA:130,1
DA:135,1
DA:137,1
DA:138,1
DA:142,2
DA:146,4
DA:148,4
DA:149,1
DA:152,3
DA:153,3
DA:155,2
DA:156,1
DA:159,1
DA:161,1
DA:162,1
DA:166,2
DA:170,3
DA:171,3
DA:172,3
DA:176,3
DA:177,1
DA:180,2
DA:181,2
DA:183,1
DA:192,1
DA:193,1
LF:83
LH:81
BRDA:15,0,0,1
BRDA:15,1,0,4
BRDA:15,1,1,3
BRDA:15,1,2,3
BRDA:22,2,0,1
BRDA:45,3,0,1
BRDA:52,4,0,1
BRDA:70,5,0,1
BRDA:75,6,0,0
BRDA:75,7,0,4
BRDA:75,7,1,1
BRDA:83,8,0,2
BRDA:85,9,0,1
BRDA:92,10,0,1
BRDA:112,11,0,0
BRDA:116,12,0,1
BRDA:116,13,0,4
BRDA:116,13,1,3
BRDA:129,14,0,1
BRDA:148,15,0,1
BRDA:155,16,0,1
BRDA:171,17,0,1
BRDA:171,17,1,2
BRDA:172,18,0,1
BRDA:172,18,1,2
BRDA:176,19,0,1
BRDA:176,20,0,3
BRDA:176,20,1,2
BRF:28
BRH:26
end_of_record
TN:
SF:src/middlewares/auth.middleware.ts
FN:26,authenticateJwt
FN:67,optionalAuthentication
FNF:2
FNH:2
FNDA:4,authenticateJwt
FNDA:4,optionalAuthentication
DA:3,2
DA:16,2
DA:26,2
DA:32,4
DA:35,4
DA:36,2
DA:37,2
DA:41,2
DA:44,2
DA:46,2
DA:47,1
DA:48,1
DA:52,1
DA:55,1
DA:67,2
DA:73,4
DA:76,4
DA:77,2
DA:81,2
DA:84,2
DA:85,2
DA:86,1
DA:90,2
LF:23
LH:23
BRDA:35,0,0,2
BRDA:35,1,0,4
BRDA:35,1,1,3
BRDA:46,2,0,1
BRDA:76,3,0,2
BRDA:76,4,0,4
BRDA:76,4,1,3
BRDA:85,5,0,1
BRF:8
BRH:8
end_of_record
TN:
SF:src/middlewares/authorization.middleware.ts
FN:16,(anonymous_0)
FN:17,(anonymous_1)
FN:53,(anonymous_2)
FN:54,(anonymous_3)
FNF:4
FNH:4
FNDA:9,(anonymous_0)
FNDA:4,(anonymous_1)
FNDA:10,(anonymous_2)
FNDA:6,(anonymous_3)
DA:3,2
DA:6,2
DA:11,2
DA:17,9
DA:22,4
DA:23,4
DA:25,4
DA:26,1
DA:31,3
DA:36,2
DA:37,1
DA:42,1
DA:44,1
DA:45,1
DA:54,10
DA:59,6
DA:60,6
DA:61,6
DA:63,6
DA:64,1
DA:69,5
DA:70,1
DA:75,4
DA:76,1
DA:79,3
DA:81,2
DA:82,1
DA:85,1
DA:89,1
DA:90,1
LF:30
LH:30
BRDA:25,0,0,1
BRDA:25,1,0,4
BRDA:25,1,1,3
BRDA:36,2,0,1
BRDA:63,3,0,1
BRDA:63,4,0,6
BRDA:63,4,1,5
BRDA:69,5,0,1
BRDA:75,6,0,1
BRDA:81,7,0,1
BRF:10
BRH:10
end_of_record
TN:
SF:src/models/authorization.model.ts
FN:23,(anonymous_2)
FN:39,(anonymous_3)
FNF:2
FNH:2
FNDA:1,(anonymous_2)
FNDA:2,(anonymous_3)
DA:1,5
DA:9,5
DA:19,5
DA:23,1
DA:30,5
DA:37,5
DA:39,2
DA:40,5
DA:43,5
LF:9
LH:9
BRF:0
BRH:0
end_of_record
TN:
SF:src/models/movietheater.model.ts
FNF:0
FNH:0
DA:1,3
DA:19,3
DA:29,3
DA:35,3
DA:41,3
DA:47,3
DA:53,3
DA:62,3
DA:69,3
LF:9
LH:9
BRF:0
BRH:0
end_of_record
TN:
SF:src/models/user.model.ts
FN:62,(anonymous_3)
FN:68,(anonymous_4)
FNF:2
FNH:2
FNDA:2,(anonymous_3)
FNDA:10,(anonymous_4)
DA:1,10
DA:9,10
DA:22,10
DA:32,10
DA:48,10
DA:57,10
DA:60,10
DA:63,2
DA:68,10
DA:69,10
DA:70,9
DA:71,9
DA:76,10
LF:13
LH:13
BRDA:69,0,0,9
BRF:1
BRH:1
end_of_record
TN:
SF:src/routes/app.ts
FN:17,(anonymous_1)
FN:31,(anonymous_2)
FN:44,(anonymous_3)
FNF:3
FNH:3
FNDA:2,(anonymous_1)
FNDA:1,(anonymous_2)
FNDA:1,(anonymous_3)
DA:2,1
DA:3,1
DA:4,1
DA:5,1
DA:6,1
DA:7,1
DA:11,1
DA:12,1
DA:14,1
DA:15,1
DA:17,1
DA:18,2
DA:19,2
DA:20,1
DA:24,1
DA:25,1
DA:31,1
DA:32,1
DA:35,1
DA:37,1
DA:39,1
DA:44,1
DA:45,1
DA:48,1
LF:24
LH:24
BRDA:12,0,0,1
BRDA:12,0,1,0
BRF:2
BRH:1
end_of_record
TN:
SF:src/routes/auth.routes.ts
FNF:0
FNH:0
DA:1,2
DA:2,2
DA:8,2
DA:59,2
DA:101,2
DA:146,2
DA:148,2
LF:7
LH:7
BRF:0
BRH:0
end_of_record
TN:
SF:src/routes/movieTheater.routes.ts
FNF:0
FNH:0
DA:1,2
DA:2,2
DA:9,2
DA:10,2
DA:12,2
DA:47,2
DA:76,2
DA:91,2
DA:133,2
DA:162,2
DA:169,2
LF:11
LH:11
BRF:0
BRH:0
end_of_record
TN:
SF:src/routes/user.routes.ts
FNF:0
FNH:0
DA:2,2
DA:3,2
DA:11,2
DA:12,2
DA:13,2
DA:15,2
DA:76,2
DA:78,2
DA:156,2
DA:205,2
DA:269,2
DA:319,2
DA:354,2
DA:356,2
LF:14
LH:14
BRF:0
BRH:0
end_of_record
TN:
SF:src/services/auth.service.ts
FN:16,(anonymous_9)
FN:29,(anonymous_10)
FN:49,(anonymous_11)
FN:63,(anonymous_12)
FN:100,(anonymous_13)
FNF:5
FNH:5
FNDA:11,(anonymous_9)
FNDA:1,(anonymous_10)
FNDA:2,(anonymous_11)
FNDA:3,(anonymous_12)
FNDA:2,(anonymous_13)
DA:2,5
DA:4,5
DA:7,5
DA:20,11
DA:21,11
DA:30,1
DA:37,1
DA:50,2
DA:51,2
DA:53,1
DA:71,3
DA:76,3
DA:79,2
DA:80,2
DA:83,1
DA:86,1
DA:92,1
DA:104,2
DA:106,2
DA:108,1
DA:109,1
DA:115,1
LF:22
LH:22
BRDA:17,0,0,3
BRDA:17,1,0,3
BRDA:17,1,1,3
BRDA:18,2,0,3
BRDA:76,3,0,1
BRDA:80,4,0,1
BRDA:106,5,0,1
BRF:7
BRH:7
end_of_record
TN:
SF:src/services/authorization.service.ts
FN:12,(anonymous_0)
FN:23,(anonymous_1)
FN:47,(anonymous_2)
FNF:3
FNH:3
FNDA:5,(anonymous_0)
FNDA:2,(anonymous_1)
FNDA:3,(anonymous_2)
DA:1,4
DA:6,4
DA:13,5
DA:14,5
DA:24,2
DA:26,2
DA:28,1
DA:32,1
DA:35,1
DA:36,1
DA:38,1
DA:48,3
DA:49,3
DA:51,2
DA:57,2
LF:15
LH:15
BRDA:14,0,0,3
BRDA:14,0,1,2
BRDA:26,1,0,1
BRDA:49,2,0,1
BRF:4
BRH:4
end_of_record
TN:
SF:src/services/movieTheater.service.ts
FN:12,(anonymous_0)
FN:23,(anonymous_1)
FN:33,(anonymous_2)
FN:42,(anonymous_3)
FN:58,(anonymous_4)
FNF:5
FNH:5
FNDA:1,(anonymous_0)
FNDA:2,(anonymous_1)
FNDA:1,(anonymous_2)
FNDA:2,(anonymous_3)
FNDA:2,(anonymous_4)
DA:1,3
DA:6,3
DA:15,1
DA:16,1
DA:26,2
DA:27,2
DA:34,1
DA:35,1
DA:46,2
DA:47,2
DA:48,1
DA:50,1
DA:51,1
DA:59,2
DA:62,2
LF:15
LH:15
BRDA:47,0,0,1
BRF:1
BRH:1
end_of_record
TN:
SF:src/services/user.service.ts
FN:14,(anonymous_0)
FN:39,(anonymous_1)
FN:49,(anonymous_2)
FN:67,(anonymous_3)
FN:85,(anonymous_4)
FN:108,(anonymous_5)
FN:132,(anonymous_6)
FN:147,(anonymous_7)
FN:164,(anonymous_8)
FNF:9
FNH:8
FNDA:1,(anonymous_0)
FNDA:2,(anonymous_1)
FNDA:2,(anonymous_2)
FNDA:0,(anonymous_3)
FNDA:2,(anonymous_4)
FNDA:3,(anonymous_5)
FNDA:2,(anonymous_6)
FNDA:2,(anonymous_7)
FNDA:2,(anonymous_8)
DA:2,4
DA:3,4
DA:5,4
DA:21,1
DA:28,1
DA:29,1
DA:31,1
DA:40,2
DA:41,2
DA:52,2
DA:53,2
DA:56,1
DA:57,1
DA:59,1
DA:70,0
DA:71,0
DA:73,0
DA:74,0
DA:76,0
DA:90,2
DA:92,2
DA:96,2
DA:98,1
DA:113,3
DA:114,3
DA:117,2
DA:118,2
DA:121,1
DA:122,1
DA:124,1
DA:133,2
DA:137,2
DA:152,2
DA:164,2
DA:165,2
DA:166,2
DA:167,2
LF:37
LH:32
BRDA:53,0,0,1
BRDA:71,1,0,0
BRDA:96,2,0,1
BRDA:114,3,0,1
BRDA:118,4,0,1
BRDA:149,5,0,1
BRDA:150,6,0,1
BRF:7
BRH:6
end_of_record
